

Processing ApplicationController#index (for 127.0.0.1 at 2009-07-26 12:36:36) [GET]

ActionController::RoutingError (No route matches "/login" with {:method=>:get}):
  

Rendering rescues/layout (not_found)


Processing UsersController#index (for 127.0.0.1 at 2009-07-26 12:36:43) [GET]
  Parameters: {"action"=>"index", "controller"=>"users"}

ActionController::UnknownAction (No action responded to index. Actions: create, current_user, edit, new, show, and update):
  

Rendering rescues/layout (not_found)


Processing UsersController#new (for 127.0.0.1 at 2009-07-26 12:36:46) [GET]
  Parameters: {"action"=>"new", "controller"=>"users"}

NameError (uninitialized constant Authlogic):
  app/models/user_session.rb:1
  app/controllers/application_controller.rb:17:in `current_user_session'
  app/controllers/application_controller.rb:10:in `current_user'
  app/controllers/application_controller.rb:29:in `require_no_user'

Rendered rescues/_trace (235.8ms)
Rendered rescues/_request_and_response (8.2ms)
Rendering rescues/layout (internal_server_error)


Processing ApplicationController#index (for 127.0.0.1 at 2009-07-26 12:37:00) [GET]

ActionController::RoutingError (No route matches "/user_session/new" with {:method=>:get}):
  

Rendering rescues/layout (not_found)


Processing UserSessionsController#new (for 127.0.0.1 at 2009-07-26 12:37:03) [GET]
  Parameters: {"action"=>"new", "controller"=>"user_sessions"}

ActionController::UnknownAction (No action responded to new. Actions: current_user):
  

Rendering rescues/layout (not_found)


Processing UserSessionsController#index (for 127.0.0.1 at 2009-07-26 12:37:09) [GET]
  Parameters: {"action"=>"index", "controller"=>"user_sessions"}

ActionController::UnknownAction (No action responded to index. Actions: current_user):
  

Rendering rescues/layout (not_found)


Processing UsersController#new (for 127.0.0.1 at 2009-07-26 12:37:17) [GET]
  Parameters: {"action"=>"new", "controller"=>"users"}

NameError (uninitialized constant Authlogic):
  app/models/user_session.rb:1
  app/controllers/application_controller.rb:17:in `current_user_session'
  app/controllers/application_controller.rb:10:in `current_user'
  app/controllers/application_controller.rb:29:in `require_no_user'

Rendered rescues/_trace (172.2ms)
Rendered rescues/_request_and_response (0.8ms)
Rendering rescues/layout (internal_server_error)


Processing UsersController#new (for 127.0.0.1 at 2009-07-26 12:38:54) [GET]
  Parameters: {"action"=>"new", "controller"=>"users"}

NameError (uninitialized constant Authlogic):
  app/models/user_session.rb:1
  app/controllers/application_controller.rb:17:in `current_user_session'
  app/controllers/application_controller.rb:10:in `current_user'
  app/controllers/application_controller.rb:29:in `require_no_user'

Rendered rescues/_trace (168.5ms)
Rendered rescues/_request_and_response (0.9ms)
Rendering rescues/layout (internal_server_error)


Processing UsersController#new (for 127.0.0.1 at 2009-07-26 12:39:12) [GET]
  Parameters: {"action"=>"new", "controller"=>"users"}

ActiveRecord::StatementInvalid (Could not find table 'users'):
  app/controllers/users_controller.rb:19:in `new'
  app/controllers/users_controller.rb:19:in `new'

Rendered rescues/_trace (157.7ms)
Rendered rescues/_request_and_response (5.8ms)
Rendering rescues/layout (internal_server_error)


Processing UsersController#new (for 127.0.0.1 at 2009-07-26 23:23:14) [GET]
  Parameters: {"action"=>"new", "controller"=>"users"}

ActiveRecord::StatementInvalid (Could not find table 'users'):
  app/controllers/users_controller.rb:19:in `new'
  app/controllers/users_controller.rb:19:in `new'

Rendered rescues/_trace (361.3ms)
Rendered rescues/_request_and_response (5.7ms)
Rendering rescues/layout (internal_server_error)
  [4;36;1mSQL (0.7ms)[0m   [0;1m SELECT name
 FROM sqlite_master
 WHERE type = 'table' AND NOT name = 'sqlite_sequence'
[0m
  [4;35;1mSQL (0.2ms)[0m   [0mselect sqlite_version(*)[0m
  [4;36;1mSQL (7.4ms)[0m   [0;1mCREATE TABLE "schema_migrations" ("version" varchar(255) NOT NULL) [0m
  [4;35;1mSQL (5.9ms)[0m   [0mCREATE UNIQUE INDEX "unique_schema_migrations" ON "schema_migrations" ("version")[0m
  [4;36;1mSQL (0.3ms)[0m   [0;1m SELECT name
 FROM sqlite_master
 WHERE type = 'table' AND NOT name = 'sqlite_sequence'
[0m
  [4;35;1mSQL (0.2ms)[0m   [0mSELECT version FROM schema_migrations[0m
Migrating to CreateUsers (20090726014626)
  [4;36;1mSQL (0.8ms)[0m   [0;1mCREATE TABLE "users" ("id" INTEGER PRIMARY KEY AUTOINCREMENT NOT NULL, "login" varchar(255) NOT NULL, "email" varchar(255) NOT NULL, "crypted_password" varchar(255) NOT NULL, "password_salt" varchar(255) NOT NULL, "persistence_token" varchar(255) NOT NULL, "status" boolean DEFAULT 'f', "created_at" datetime, "updated_at" datetime) [0m
  [4;35;1mSQL (0.2ms)[0m   [0mINSERT INTO schema_migrations (version) VALUES ('20090726014626')[0m
  [4;36;1mSQL (0.4ms)[0m   [0;1m SELECT name
 FROM sqlite_master
 WHERE type = 'table' AND NOT name = 'sqlite_sequence'
[0m
  [4;35;1mSQL (0.2ms)[0m   [0mSELECT version FROM schema_migrations[0m
  [4;36;1mSQL (0.6ms)[0m   [0;1m SELECT name
 FROM sqlite_master
 WHERE type = 'table' AND NOT name = 'sqlite_sequence'
[0m
  [4;35;1mSQL (0.1ms)[0m   [0mPRAGMA index_list("users")[0m


Processing UsersController#new (for 127.0.0.1 at 2009-07-26 23:24:51) [GET]
  Parameters: {"action"=>"new", "controller"=>"users"}
Rendering template within layouts/users
Rendering users/new
Rendered users/_form (8.2ms)
Completed in 70ms (View: 48, DB: 0) | 200 OK [http://localhost/users/new]


Processing UsersController#create (for 127.0.0.1 at 2009-07-26 23:24:55) [POST]
  Parameters: {"commit"=>"Create", "action"=>"create", "controller"=>"users", "user"=>{"password_confirmation"=>"[FILTERED]", "password"=>"[FILTERED]", "login"=>"", "email"=>""}}
  [4;36;1mUser Load (1.9ms)[0m   [0;1mSELECT "users".id FROM "users" WHERE (LOWER("users"."email") = '') LIMIT 1[0m
  [4;35;1mUser Load (0.4ms)[0m   [0mSELECT "users".id FROM "users" WHERE (LOWER("users"."login") = '') LIMIT 1[0m
  [4;36;1mUser Load (0.4ms)[0m   [0;1mSELECT "users".id FROM "users" WHERE ("users"."persistence_token" = 'db0c5166071f2e839d327f5bf77bb644bed63d8a661eec57d664f7fb22ebfe253eb1822b2638c6e66674536d8aecdd252b5db946d780c65e2c15c4aa8e22d425') LIMIT 1[0m
Rendering template within layouts/users
Rendering users/new
Rendered users/_form (17.2ms)
Completed in 373ms (View: 23, DB: 3) | 200 OK [http://localhost/users]


Processing UsersController#create (for 127.0.0.1 at 2009-07-26 23:25:15) [POST]
  Parameters: {"commit"=>"Create", "action"=>"create", "controller"=>"users", "user"=>{"password_confirmation"=>"[FILTERED]", "password"=>"[FILTERED]", "login"=>"diego", "email"=>"diegoalvareznogueira@gmail.com"}}
  [4;35;1mUser Load (0.5ms)[0m   [0mSELECT "users".id FROM "users" WHERE (LOWER("users"."email") = 'diegoalvareznogueira@gmail.com') LIMIT 1[0m
  [4;36;1mUser Load (0.9ms)[0m   [0;1mSELECT "users".id FROM "users" WHERE (LOWER("users"."login") = 'diego') LIMIT 1[0m
  [4;35;1mUser Load (0.4ms)[0m   [0mSELECT "users".id FROM "users" WHERE ("users"."persistence_token" = '7dd4767e5a3790629f90ab2cb71d7369252fe2c9944b862c848373835a71f7a457a4f7484fb8c252b608d0b09f0c2502b523ce1588163e9fab4c6ba329610952') LIMIT 1[0m
  [4;36;1mUser Create (1.6ms)[0m   [0;1mINSERT INTO "users" ("created_at", "crypted_password", "updated_at", "password_salt", "persistence_token", "login", "status", "email") VALUES('2009-07-27 02:25:15', '7918474e548d7212687f8f46ea04f67bd4f3d775f3f9ffaf5c51e45a440d30ff949310101e59288f17a05ed9f43d04ea16cb23fa5112a4d52c457f9d86dc1722', '2009-07-27 02:25:15', 'p0zMg5P_OtZDK9kpQbp3', '7dd4767e5a3790629f90ab2cb71d7369252fe2c9944b862c848373835a71f7a457a4f7484fb8c252b608d0b09f0c2502b523ce1588163e9fab4c6ba329610952', 'diego', 'f', 'diegoalvareznogueira@gmail.com')[0m

NoMethodError (undefined method `username' for #<User:0xb7171ef4>):
  app/controllers/users_controller.rb:74:in `send_email_active_user'
  app/controllers/users_controller.rb:39:in `create'
  app/controllers/users_controller.rb:37:in `create'

Rendered rescues/_trace (153.0ms)
Rendered rescues/_request_and_response (5.4ms)
Rendering rescues/layout (internal_server_error)


Processing UsersController#create (for 127.0.0.1 at 2009-07-26 23:26:17) [POST]
  Parameters: {"commit"=>"Create", "action"=>"create", "controller"=>"users", "user"=>{"password_confirmation"=>"[FILTERED]", "password"=>"[FILTERED]", "login"=>"diego", "email"=>"diegoalvareznogueira@gmail.com"}}
  [4;35;1mUser Load (0.6ms)[0m   [0mSELECT * FROM "users" WHERE ("users"."persistence_token" = '7dd4767e5a3790629f90ab2cb71d7369252fe2c9944b862c848373835a71f7a457a4f7484fb8c252b608d0b09f0c2502b523ce1588163e9fab4c6ba329610952') LIMIT 1[0m
  [4;36;1mCACHE (0.0ms)[0m   [0;1mSELECT * FROM "users" WHERE ("users"."persistence_token" = '7dd4767e5a3790629f90ab2cb71d7369252fe2c9944b862c848373835a71f7a457a4f7484fb8c252b608d0b09f0c2502b523ce1588163e9fab4c6ba329610952') LIMIT 1[0m
  [4;35;1mUser Load (0.5ms)[0m   [0mSELECT "users".id FROM "users" WHERE (LOWER("users"."email") = 'diegoalvareznogueira@gmail.com') LIMIT 1[0m
  [4;36;1mUser Load (0.4ms)[0m   [0;1mSELECT "users".id FROM "users" WHERE (LOWER("users"."login") = 'diego') LIMIT 1[0m
  [4;35;1mUser Load (0.4ms)[0m   [0mSELECT "users".id FROM "users" WHERE ("users"."persistence_token" = 'ab6055185ff773e9d36de16cd7398bbe079b871a96dae4829f34021a8bd4206fbc655daf7419d5b7eba20459e5e63731b7fe29dcdbb0caba25ec6348011e7453') LIMIT 1[0m
  [4;36;1mCACHE (0.0ms)[0m   [0;1mSELECT * FROM "users" WHERE ("users"."persistence_token" = '7dd4767e5a3790629f90ab2cb71d7369252fe2c9944b862c848373835a71f7a457a4f7484fb8c252b608d0b09f0c2502b523ce1588163e9fab4c6ba329610952') LIMIT 1[0m
  [4;35;1mCACHE (0.0ms)[0m   [0mSELECT * FROM "users" WHERE ("users"."persistence_token" = '7dd4767e5a3790629f90ab2cb71d7369252fe2c9944b862c848373835a71f7a457a4f7484fb8c252b608d0b09f0c2502b523ce1588163e9fab4c6ba329610952') LIMIT 1[0m
  [4;36;1mUser Create (1.5ms)[0m   [0;1mINSERT INTO "users" ("created_at", "crypted_password", "updated_at", "password_salt", "persistence_token", "login", "status", "email") VALUES('2009-07-27 02:26:18', 'eb2a19c9c009fe82f592d37e0a4ca60de6f3cbca681ad4ac1d4ef5c3dbf549c710a2d3053c93e95cf58cc026bebbede613d302e9d7ab478a50d4123cc809f3e1', '2009-07-27 02:26:18', 'k50nDIS9KdGAAx_LaALe', 'ab6055185ff773e9d36de16cd7398bbe079b871a96dae4829f34021a8bd4206fbc655daf7419d5b7eba20459e5e63731b7fe29dcdbb0caba25ec6348011e7453', 'diego', 'f', 'diegoalvareznogueira@gmail.com')[0m
Sent mail to diegoalvareznogueira@gmail.com

From: Seunome <elisa.pingret@d3i.com.br>
Reply-To: Seunome <elisa.pingret@d3i.com.br>
To: diegoalvareznogueira@gmail.com
Subject: Cadastro Aceito
Mime-Version: 1.0
Content-Type: text/html; charset=utf-8

		<b>Seu cadastro precisa ser confirmado<br></b>
		<b>Data do cadastro: </b>2009-07-27 02:26:18 UTC<br>
		<b>Login: </b>diego<br>
		<b>E-mail: </b>diegoalvareznogueira@gmail.com<br>
		<b>Para ativar </b><a href='http://localhost:3000/active_users/2/edit'>clique aqui.</a>		
  

Net::SMTPFatalError (555 5.5.2 Syntax error. 38sm11023624agd.49
):
  /usr/lib/ruby/1.8/net/smtp.rb:930:in `check_response'
  /usr/lib/ruby/1.8/net/smtp.rb:899:in `getok'
  /usr/lib/ruby/1.8/net/smtp.rb:828:in `mailfrom'
  /usr/lib/ruby/1.8/net/smtp.rb:653:in `sendmail'
  /usr/lib/ruby/1.8/net/smtp.rb:526:in `start'
  app/controllers/users_controller.rb:79:in `send_email_active_user'
  app/controllers/users_controller.rb:39:in `create'
  app/controllers/users_controller.rb:37:in `create'

Rendered rescues/_trace (447.9ms)
Rendered rescues/_request_and_response (1.3ms)
Rendering rescues/layout (internal_server_error)


Processing UsersController#new (for 127.0.0.1 at 2009-07-26 23:30:36) [GET]
  Parameters: {"action"=>"new", "controller"=>"users"}
  [4;35;1mUser Load (0.6ms)[0m   [0mSELECT * FROM "users" WHERE ("users"."persistence_token" = 'ab6055185ff773e9d36de16cd7398bbe079b871a96dae4829f34021a8bd4206fbc655daf7419d5b7eba20459e5e63731b7fe29dcdbb0caba25ec6348011e7453') LIMIT 1[0m
  [4;36;1mCACHE (0.0ms)[0m   [0;1mSELECT * FROM "users" WHERE ("users"."persistence_token" = 'ab6055185ff773e9d36de16cd7398bbe079b871a96dae4829f34021a8bd4206fbc655daf7419d5b7eba20459e5e63731b7fe29dcdbb0caba25ec6348011e7453') LIMIT 1[0m
Rendering template within layouts/users
Rendering users/new
Rendered users/_form (18.0ms)
Completed in 135ms (View: 22, DB: 1) | 200 OK [http://localhost/users/new]


Processing UsersController#new (for 127.0.0.1 at 2009-07-26 23:30:48) [GET]
  Parameters: {"action"=>"new", "controller"=>"users"}
  [4;36;1mUser Load (0.6ms)[0m   [0;1mSELECT * FROM "users" WHERE ("users"."persistence_token" = 'ab6055185ff773e9d36de16cd7398bbe079b871a96dae4829f34021a8bd4206fbc655daf7419d5b7eba20459e5e63731b7fe29dcdbb0caba25ec6348011e7453') LIMIT 1[0m
  [4;35;1mCACHE (0.0ms)[0m   [0mSELECT * FROM "users" WHERE ("users"."persistence_token" = 'ab6055185ff773e9d36de16cd7398bbe079b871a96dae4829f34021a8bd4206fbc655daf7419d5b7eba20459e5e63731b7fe29dcdbb0caba25ec6348011e7453') LIMIT 1[0m
Rendering template within layouts/users
Rendering users/new
Rendered users/_form (37.5ms)
Completed in 252ms (View: 98, DB: 1) | 200 OK [http://localhost/users/new]


Processing UsersController#create (for 127.0.0.1 at 2009-07-26 23:31:00) [POST]
  Parameters: {"commit"=>"Create", "action"=>"create", "controller"=>"users", "user"=>{"password_confirmation"=>"[FILTERED]", "password"=>"[FILTERED]", "login"=>"diego", "email"=>"diegoalvareznogueira@gmail.com"}}
  [4;36;1mUser Load (0.6ms)[0m   [0;1mSELECT * FROM "users" WHERE ("users"."persistence_token" = 'ab6055185ff773e9d36de16cd7398bbe079b871a96dae4829f34021a8bd4206fbc655daf7419d5b7eba20459e5e63731b7fe29dcdbb0caba25ec6348011e7453') LIMIT 1[0m
  [4;35;1mCACHE (0.0ms)[0m   [0mSELECT * FROM "users" WHERE ("users"."persistence_token" = 'ab6055185ff773e9d36de16cd7398bbe079b871a96dae4829f34021a8bd4206fbc655daf7419d5b7eba20459e5e63731b7fe29dcdbb0caba25ec6348011e7453') LIMIT 1[0m
  [4;36;1mUser Load (0.2ms)[0m   [0;1mSELECT "users".id FROM "users" WHERE (LOWER("users"."email") = 'diegoalvareznogueira@gmail.com') LIMIT 1[0m
  [4;35;1mUser Load (0.2ms)[0m   [0mSELECT "users".id FROM "users" WHERE (LOWER("users"."login") = 'diego') LIMIT 1[0m
  [4;36;1mUser Load (0.2ms)[0m   [0;1mSELECT "users".id FROM "users" WHERE ("users"."persistence_token" = '46bafedfa9e251983ed16f946d54e7c0ee4b725967aa23a4f2e0e826d3a93d86400887640c98f3bf8b90660d450d42ebc0c9ff2845896836c1e925f0cf58e6cc') LIMIT 1[0m
  [4;35;1mCACHE (0.0ms)[0m   [0mSELECT * FROM "users" WHERE ("users"."persistence_token" = 'ab6055185ff773e9d36de16cd7398bbe079b871a96dae4829f34021a8bd4206fbc655daf7419d5b7eba20459e5e63731b7fe29dcdbb0caba25ec6348011e7453') LIMIT 1[0m
  [4;36;1mCACHE (0.0ms)[0m   [0;1mSELECT * FROM "users" WHERE ("users"."persistence_token" = 'ab6055185ff773e9d36de16cd7398bbe079b871a96dae4829f34021a8bd4206fbc655daf7419d5b7eba20459e5e63731b7fe29dcdbb0caba25ec6348011e7453') LIMIT 1[0m
  [4;35;1mUser Create (0.8ms)[0m   [0mINSERT INTO "users" ("created_at", "crypted_password", "updated_at", "password_salt", "persistence_token", "login", "status", "email") VALUES('2009-07-27 02:31:00', '680215c6cc9efdb9368196ab4c40bc4e58e3a22388baf5af1796c7c51b754dbba0c85a288b6e2416088bf44847afbcd7ef41023fd4fbc3810f7f3eb892f0d93f', '2009-07-27 02:31:00', 'xWMvJxEp0UxucYrEiLdu', '46bafedfa9e251983ed16f946d54e7c0ee4b725967aa23a4f2e0e826d3a93d86400887640c98f3bf8b90660d450d42ebc0c9ff2845896836c1e925f0cf58e6cc', 'diego', 'f', 'diegoalvareznogueira@gmail.com')[0m
Sent mail to diegoalvareznogueira@gmail.com

From: Seunome <elisa.pingret@d3i.com.br>
Reply-To: Seunome <elisa.pingret@d3i.com.br>
To: diegoalvareznogueira@gmail.com
Subject: Cadastro Aceito
Mime-Version: 1.0
Content-Type: text/html; charset=utf-8

		<b>Seu cadastro precisa ser confirmado<br></b>
		<b>Data do cadastro: </b>2009-07-27 02:31:00 UTC<br>
		<b>Login: </b>diego<br>
		<b>E-mail: </b>diegoalvareznogueira@gmail.com<br>
		<b>Para ativar </b><a href='http://localhost:3000/active_users/3/edit'>clique aqui.</a>		
  

Net::SMTPFatalError (555 5.5.2 Syntax error. 38sm8081710aga.39
):
  /usr/lib/ruby/1.8/net/smtp.rb:930:in `check_response'
  /usr/lib/ruby/1.8/net/smtp.rb:899:in `getok'
  /usr/lib/ruby/1.8/net/smtp.rb:828:in `mailfrom'
  /usr/lib/ruby/1.8/net/smtp.rb:653:in `sendmail'
  /usr/lib/ruby/1.8/net/smtp.rb:526:in `start'
  app/controllers/users_controller.rb:79:in `send_email_active_user'
  app/controllers/users_controller.rb:39:in `create'
  app/controllers/users_controller.rb:37:in `create'

Rendered rescues/_trace (187.0ms)
Rendered rescues/_request_and_response (6.1ms)
Rendering rescues/layout (internal_server_error)


Processing UsersController#new (for 127.0.0.1 at 2009-07-26 23:39:48) [GET]
  Parameters: {"action"=>"new", "controller"=>"users"}
  [4;36;1mUser Load (1.3ms)[0m   [0;1mSELECT * FROM "users" WHERE ("users"."persistence_token" = '46bafedfa9e251983ed16f946d54e7c0ee4b725967aa23a4f2e0e826d3a93d86400887640c98f3bf8b90660d450d42ebc0c9ff2845896836c1e925f0cf58e6cc') LIMIT 1[0m

NameError (undefined local variable or method `account_url' for #<UsersController:0xb7042948>):
  app/controllers/application_controller.rb:31:in `require_no_user'

Rendered rescues/_trace (140.0ms)
Rendered rescues/_request_and_response (2.2ms)
Rendering rescues/layout (internal_server_error)


Processing UsersController#new (for 127.0.0.1 at 2009-07-26 23:39:53) [GET]
  Parameters: {"action"=>"new", "controller"=>"users"}
  [4;35;1mUser Load (1.5ms)[0m   [0mSELECT * FROM "users" WHERE ("users"."persistence_token" = '46bafedfa9e251983ed16f946d54e7c0ee4b725967aa23a4f2e0e826d3a93d86400887640c98f3bf8b90660d450d42ebc0c9ff2845896836c1e925f0cf58e6cc') LIMIT 1[0m

NameError (undefined local variable or method `account_url' for #<UsersController:0xb7235f70>):
  app/controllers/application_controller.rb:31:in `require_no_user'

Rendered rescues/_trace (191.9ms)
Rendered rescues/_request_and_response (0.9ms)
Rendering rescues/layout (internal_server_error)


Processing UsersController#new (for 127.0.0.1 at 2009-07-26 23:43:39) [GET]
  Parameters: {"action"=>"new", "controller"=>"users"}
  [4;36;1mUser Load (0.3ms)[0m   [0;1mSELECT * FROM "users" WHERE ("users"."persistence_token" = '46bafedfa9e251983ed16f946d54e7c0ee4b725967aa23a4f2e0e826d3a93d86400887640c98f3bf8b90660d450d42ebc0c9ff2845896836c1e925f0cf58e6cc') LIMIT 1[0m
  [4;35;1mUser Load (0.3ms)[0m   [0mSELECT * FROM "users" WHERE ("users"."id" = 3) LIMIT 1[0m
Rendering template within layouts/users
Rendering users/new
Rendered users/_form (10.5ms)
Completed in 116ms (View: 28, DB: 1) | 200 OK [http://localhost/users/new]


Processing UsersController#create (for 127.0.0.1 at 2009-07-26 23:43:54) [POST]
  Parameters: {"commit"=>"Create", "action"=>"create", "controller"=>"users", "user"=>{"password_confirmation"=>"[FILTERED]", "password"=>"[FILTERED]", "login"=>"diego", "email"=>"diegoalvareznogueira@gmail.com"}}
  [4;36;1mUser Load (0.6ms)[0m   [0;1mSELECT * FROM "users" WHERE ("users"."persistence_token" = '46bafedfa9e251983ed16f946d54e7c0ee4b725967aa23a4f2e0e826d3a93d86400887640c98f3bf8b90660d450d42ebc0c9ff2845896836c1e925f0cf58e6cc') LIMIT 1[0m
  [4;35;1mUser Load (6.0ms)[0m   [0mSELECT * FROM "users" WHERE ("users"."id" = 3) LIMIT 1[0m
  [4;36;1mUser Load (0.2ms)[0m   [0;1mSELECT "users".id FROM "users" WHERE (LOWER("users"."email") = 'diegoalvareznogueira@gmail.com') LIMIT 1[0m
  [4;35;1mUser Load (5.8ms)[0m   [0mSELECT "users".id FROM "users" WHERE (LOWER("users"."login") = 'diego') LIMIT 1[0m
  [4;36;1mUser Load (0.2ms)[0m   [0;1mSELECT "users".id FROM "users" WHERE ("users"."persistence_token" = 'efb080068124a9578a8bac9598c4c41a045d8678022a00e49822a6c8c547b00c678d751cc0a23f681dbf7222d5a34838580ee0ab4bc5f3eb22686b8d6478a9bb') LIMIT 1[0m
  [4;35;1mCACHE (0.0ms)[0m   [0mSELECT * FROM "users" WHERE ("users"."persistence_token" = '46bafedfa9e251983ed16f946d54e7c0ee4b725967aa23a4f2e0e826d3a93d86400887640c98f3bf8b90660d450d42ebc0c9ff2845896836c1e925f0cf58e6cc') LIMIT 1[0m
  [4;36;1mCACHE (0.0ms)[0m   [0;1mSELECT * FROM "users" WHERE ("users"."id" = 3) LIMIT 1[0m
  [4;35;1mUser Create (0.7ms)[0m   [0mINSERT INTO "users" ("created_at", "crypted_password", "updated_at", "password_salt", "persistence_token", "login", "status", "email") VALUES('2009-07-27 02:43:55', 'f66f777546ae6da6e90ab342ef736e1250817f06606e8857eb27a86331926d6a46c4fad90a8b97d35e1394d0034fe2d95bf87cf382e9cb68366f9ab21cb8c6c3', '2009-07-27 02:43:55', 'luVaazFShY3deGR3ruS9', 'efb080068124a9578a8bac9598c4c41a045d8678022a00e49822a6c8c547b00c678d751cc0a23f681dbf7222d5a34838580ee0ab4bc5f3eb22686b8d6478a9bb', 'diego', 'f', 'diegoalvareznogueira@gmail.com')[0m
Sent mail to diegoalvareznogueira@gmail.com

From: elisa.pingret@d3i.com.br
Reply-To: elisa.pingret@d3i.com.br
To: diegoalvareznogueira@gmail.com
Subject: Cadastro Aceito
Mime-Version: 1.0
Content-Type: text/html; charset=utf-8

		<b>Seu cadastro precisa ser confirmado<br></b>
		<b>Data do cadastro: </b>2009-07-27 02:43:55 UTC<br>
		<b>Login: </b>diego<br>
		<b>E-mail: </b>diegoalvareznogueira@gmail.com<br>
		<b>Para ativar </b><a href='http://localhost:3000/active_users/4/edit'>clique aqui.</a>		
  
Redirected to http://localhost:3000/users/4
Completed in 5392ms (DB: 14) | 302 Found [http://localhost/users]


Processing UsersController#show (for 127.0.0.1 at 2009-07-26 23:44:00) [GET]
  Parameters: {"action"=>"show", "id"=>"4", "controller"=>"users"}
  [4;36;1mUser Load (1.2ms)[0m   [0;1mSELECT * FROM "users" WHERE ("users"."persistence_token" = 'efb080068124a9578a8bac9598c4c41a045d8678022a00e49822a6c8c547b00c678d751cc0a23f681dbf7222d5a34838580ee0ab4bc5f3eb22686b8d6478a9bb') LIMIT 1[0m
  [4;35;1mUser Load (1.8ms)[0m   [0mSELECT * FROM "users" WHERE ("users"."id" = 4) [0m
Rendering template within layouts/users
Rendering users/show
Completed in 120ms (View: 35, DB: 3) | 200 OK [http://localhost/users/4]


Processing UsersController#new (for 127.0.0.1 at 2009-07-26 23:45:49) [GET]
  Parameters: {"action"=>"new", "controller"=>"users"}
  [4;36;1mUser Load (0.6ms)[0m   [0;1mSELECT * FROM "users" WHERE ("users"."persistence_token" = 'efb080068124a9578a8bac9598c4c41a045d8678022a00e49822a6c8c547b00c678d751cc0a23f681dbf7222d5a34838580ee0ab4bc5f3eb22686b8d6478a9bb') LIMIT 1[0m
  [4;35;1mUser Load (0.5ms)[0m   [0mSELECT * FROM "users" WHERE ("users"."id" = 4) LIMIT 1[0m
Rendering template within layouts/users
Rendering users/new
Rendered users/_form (17.5ms)
Completed in 124ms (View: 22, DB: 1) | 200 OK [http://localhost/users/new]


Processing UsersController#create (for 127.0.0.1 at 2009-07-26 23:45:59) [POST]
  Parameters: {"commit"=>"Create", "action"=>"create", "controller"=>"users", "user"=>{"password_confirmation"=>"[FILTERED]", "password"=>"[FILTERED]", "login"=>"diego", "email"=>"diegoalvareznogueira@gmail.com"}}
  [4;36;1mUser Load (0.6ms)[0m   [0;1mSELECT * FROM "users" WHERE ("users"."persistence_token" = 'efb080068124a9578a8bac9598c4c41a045d8678022a00e49822a6c8c547b00c678d751cc0a23f681dbf7222d5a34838580ee0ab4bc5f3eb22686b8d6478a9bb') LIMIT 1[0m
  [4;35;1mUser Load (0.5ms)[0m   [0mSELECT * FROM "users" WHERE ("users"."id" = 4) LIMIT 1[0m
  [4;36;1mUser Load (0.5ms)[0m   [0;1mSELECT "users".id FROM "users" WHERE (LOWER("users"."email") = 'diegoalvareznogueira@gmail.com') LIMIT 1[0m
  [4;35;1mUser Load (0.4ms)[0m   [0mSELECT "users".id FROM "users" WHERE (LOWER("users"."login") = 'diego') LIMIT 1[0m
  [4;36;1mUser Load (0.4ms)[0m   [0;1mSELECT "users".id FROM "users" WHERE ("users"."persistence_token" = '19f64bbb55f473eb3a35ea9101f6a78e8e652081a5e2a346fa4e76aec6c69ede76220ed65579efad7647f8c2e02ef5fb064be5fc534e797f8078714e91f5e709') LIMIT 1[0m
  [4;35;1mCACHE (0.0ms)[0m   [0mSELECT * FROM "users" WHERE ("users"."persistence_token" = 'efb080068124a9578a8bac9598c4c41a045d8678022a00e49822a6c8c547b00c678d751cc0a23f681dbf7222d5a34838580ee0ab4bc5f3eb22686b8d6478a9bb') LIMIT 1[0m
  [4;36;1mCACHE (0.0ms)[0m   [0;1mSELECT * FROM "users" WHERE ("users"."id" = 4) LIMIT 1[0m
  [4;35;1mUser Create (1.2ms)[0m   [0mINSERT INTO "users" ("created_at", "crypted_password", "updated_at", "password_salt", "persistence_token", "login", "status", "email") VALUES('2009-07-27 02:45:59', '1dada0fee3c120d4a492d05928c6816d1ed8f1069894e0bc2c69bef2545d07e970301a7efe9e2818f8c5d7016d28bc557a13d63e56b405c85e6d56de9f2fa43c', '2009-07-27 02:45:59', 'iGdIPvJkwHBbVQdVPvdp', '19f64bbb55f473eb3a35ea9101f6a78e8e652081a5e2a346fa4e76aec6c69ede76220ed65579efad7647f8c2e02ef5fb064be5fc534e797f8078714e91f5e709', 'diego', 'f', 'diegoalvareznogueira@gmail.com')[0m
Sent mail to diegoalvareznogueira@gmail.com

From: elisa.pingret@d3i.com.br
Reply-To: elisa.pingret@d3i.com.br
To: diegoalvareznogueira@gmail.com
Subject: Cadastro Aceito
Mime-Version: 1.0
Content-Type: text/html; charset=utf-8

		<b>Seu cadastro precisa ser confirmado<br></b>
		<b>Data do cadastro: </b>2009-07-27 02:45:59 UTC<br>
		<b>Login: </b>diego<br>
		<b>E-mail: </b>diegoalvareznogueira@gmail.com<br>
		<b>Para ativar </b><a href='http://localhost:3000/active_users/5/edit'>clique aqui.</a>		
  
Redirected to http://localhost:3000/logout

ActionController::DoubleRenderError (Render and/or redirect were called multiple times in this action. Please note that you may only call render OR redirect, and at most once per action. Also note that neither redirect nor render terminate execution of the action, so if you want to exit an action after redirecting, you need to do something like "redirect_to(...) and return".):
  app/controllers/users_controller.rb:42:in `create'
  app/controllers/users_controller.rb:37:in `create'

Rendered rescues/_trace (457.4ms)
Rendered rescues/_request_and_response (10.5ms)
Rendering rescues/layout (internal_server_error)


Processing UsersController#create (for 127.0.0.1 at 2009-07-26 23:48:38) [POST]
  Parameters: {"commit"=>"Create", "action"=>"create", "controller"=>"users", "user"=>{"password_confirmation"=>"[FILTERED]", "password"=>"[FILTERED]", "login"=>"diego", "email"=>"diegoalvareznogueira@gmail.com"}}
  [4;36;1mUser Load (0.6ms)[0m   [0;1mSELECT * FROM "users" WHERE ("users"."persistence_token" = '19f64bbb55f473eb3a35ea9101f6a78e8e652081a5e2a346fa4e76aec6c69ede76220ed65579efad7647f8c2e02ef5fb064be5fc534e797f8078714e91f5e709') LIMIT 1[0m
  [4;35;1mCACHE (0.0ms)[0m   [0mSELECT * FROM "users" WHERE ("users"."persistence_token" = '19f64bbb55f473eb3a35ea9101f6a78e8e652081a5e2a346fa4e76aec6c69ede76220ed65579efad7647f8c2e02ef5fb064be5fc534e797f8078714e91f5e709') LIMIT 1[0m
  [4;36;1mUser Load (0.5ms)[0m   [0;1mSELECT "users".id FROM "users" WHERE (LOWER("users"."email") = 'diegoalvareznogueira@gmail.com') LIMIT 1[0m
  [4;35;1mUser Load (0.4ms)[0m   [0mSELECT "users".id FROM "users" WHERE (LOWER("users"."login") = 'diego') LIMIT 1[0m
  [4;36;1mUser Load (0.4ms)[0m   [0;1mSELECT "users".id FROM "users" WHERE ("users"."persistence_token" = 'cc3cfb0e71d6d431dcb0b9d14dea45cbe9e880469cb0abb320690cedeb8fefca43b212a406ff6827980f06e01744284de973485bae82041731bd71ced4d295de') LIMIT 1[0m
  [4;35;1mCACHE (0.0ms)[0m   [0mSELECT * FROM "users" WHERE ("users"."persistence_token" = '19f64bbb55f473eb3a35ea9101f6a78e8e652081a5e2a346fa4e76aec6c69ede76220ed65579efad7647f8c2e02ef5fb064be5fc534e797f8078714e91f5e709') LIMIT 1[0m
  [4;36;1mCACHE (0.0ms)[0m   [0;1mSELECT * FROM "users" WHERE ("users"."persistence_token" = '19f64bbb55f473eb3a35ea9101f6a78e8e652081a5e2a346fa4e76aec6c69ede76220ed65579efad7647f8c2e02ef5fb064be5fc534e797f8078714e91f5e709') LIMIT 1[0m
  [4;35;1mUser Create (1.1ms)[0m   [0mINSERT INTO "users" ("created_at", "crypted_password", "updated_at", "password_salt", "persistence_token", "login", "status", "email") VALUES('2009-07-27 02:48:38', 'ee365635068cc89767f2541b32c883c8d9714b3ee119d0946cc072c194e93bbe584ffa88badf5d72a86b46d6a2b7563da1a6e2fe20a65e7ced2a464fd9fabfee', '2009-07-27 02:48:38', 'r3M0k-wZKpuOHhNmSdFV', 'cc3cfb0e71d6d431dcb0b9d14dea45cbe9e880469cb0abb320690cedeb8fefca43b212a406ff6827980f06e01744284de973485bae82041731bd71ced4d295de', 'diego', 'f', 'diegoalvareznogueira@gmail.com')[0m
Sent mail to diegoalvareznogueira@gmail.com

From: elisa.pingret@d3i.com.br
Reply-To: elisa.pingret@d3i.com.br
To: diegoalvareznogueira@gmail.com
Subject: Cadastro Aceito
Mime-Version: 1.0
Content-Type: text/html; charset=utf-8

		<b>Seu cadastro precisa ser confirmado<br></b>
		<b>Data do cadastro: </b>2009-07-27 02:48:38 UTC<br>
		<b>Login: </b>diego<br>
		<b>E-mail: </b>diegoalvareznogueira@gmail.com<br>
		<b>Para ativar </b><a href='http://localhost:3000/active_users/6/edit'>clique aqui.</a>		
  
Redirected to http://localhost:3000/logout
Completed in 4776ms (DB: 3) | 302 Found [http://localhost/users]


Processing UserSessionsController#destroy (for 127.0.0.1 at 2009-07-26 23:48:43) [GET]
  Parameters: {"action"=>"destroy", "controller"=>"user_sessions"}
  [4;36;1mUser Load (5.8ms)[0m   [0;1mSELECT * FROM "users" WHERE ("users"."persistence_token" = 'cc3cfb0e71d6d431dcb0b9d14dea45cbe9e880469cb0abb320690cedeb8fefca43b212a406ff6827980f06e01744284de973485bae82041731bd71ced4d295de') LIMIT 1[0m
Redirected to http://localhost:3000/users/new
Completed in 78ms (DB: 6) | 302 Found [http://localhost/logout]


Processing UsersController#new (for 127.0.0.1 at 2009-07-26 23:48:43) [GET]
  Parameters: {"action"=>"new", "controller"=>"users"}
Rendering template within layouts/users
Rendering users/new
Rendered users/_form (19.6ms)
Completed in 95ms (View: 33, DB: 0) | 200 OK [http://localhost/users/new]


Processing UserSessionsController#new (for 127.0.0.1 at 2009-07-26 23:50:31) [GET]
  Parameters: {"action"=>"new", "controller"=>"user_sessions"}
Rendering user_sessions/new

ActionView::TemplateError (undefined method `username' for #<UserSession: no credentials provided>) on line #7 of app/views/user_sessions/new.html.erb:
4: 
5: 	<p>
6: 		Login<br>
7: 		<%= f.text_field :username %>	  
8: 	</p>
9: 	<p>
10: 		Password<br>

    app/views/user_sessions/new.html.erb:7
    app/views/user_sessions/new.html.erb:1

Rendered rescues/_trace (190.1ms)
Rendered rescues/_request_and_response (0.4ms)
Rendering rescues/layout (internal_server_error)


Processing UserSessionsController#new (for 127.0.0.1 at 2009-07-26 23:52:10) [GET]
  Parameters: {"action"=>"new", "controller"=>"user_sessions"}
Rendering user_sessions/new
Completed in 104ms (View: 24, DB: 0) | 200 OK [http://localhost/login]


Processing UserSessionsController#create (for 127.0.0.1 at 2009-07-26 23:52:16) [POST]
  Parameters: {"commit"=>"Entrar", "user_session"=>{"password"=>"[FILTERED]", "login"=>"diego"}, "action"=>"create", "controller"=>"user_sessions"}
  [4;35;1mUser Load (2.1ms)[0m   [0mSELECT * FROM "users" WHERE (LOWER("users".login) = 'diego') LIMIT 1[0m
  [4;36;1mUser Load (1.1ms)[0m   [0;1mSELECT * FROM "users" WHERE ("users"."id" = 6) LIMIT 1[0m
Redirected to http://localhost:3000/login
Completed in 89ms (DB: 3) | 302 Found [http://localhost/user_sessions]


Processing UserSessionsController#new (for 127.0.0.1 at 2009-07-26 23:52:16) [GET]
  Parameters: {"action"=>"new", "controller"=>"user_sessions"}
Rendering user_sessions/new
Completed in 60ms (View: 5, DB: 0) | 200 OK [http://localhost/login]


Processing UserSessionsController#create (for 127.0.0.1 at 2009-07-26 23:52:48) [POST]
  Parameters: {"commit"=>"Entrar", "user_session"=>{"password"=>"[FILTERED]", "login"=>"diego"}, "action"=>"create", "controller"=>"user_sessions"}
  [4;35;1mUser Load (1.9ms)[0m   [0mSELECT * FROM "users" WHERE (LOWER("users".login) = 'diego') LIMIT 1[0m
  [4;36;1mUser Load (1.2ms)[0m   [0;1mSELECT * FROM "users" WHERE ("users"."id" = 6) LIMIT 1[0m
Redirected to http://localhost:3000/login
Completed in 113ms (DB: 3) | 302 Found [http://localhost/user_sessions]


Processing UserSessionsController#new (for 127.0.0.1 at 2009-07-26 23:52:49) [GET]
  Parameters: {"action"=>"new", "controller"=>"user_sessions"}
Rendering user_sessions/new
Completed in 79ms (View: 5, DB: 0) | 200 OK [http://localhost/login]


Processing UserSessionsController#create (for 127.0.0.1 at 2009-07-26 23:52:56) [POST]
  Parameters: {"commit"=>"Entrar", "user_session"=>{"password"=>"[FILTERED]", "login"=>"diego"}, "action"=>"create", "controller"=>"user_sessions"}
  [4;35;1mUser Load (0.6ms)[0m   [0mSELECT * FROM "users" WHERE (LOWER("users".login) = 'diego') LIMIT 1[0m
  [4;36;1mUser Load (0.5ms)[0m   [0;1mSELECT * FROM "users" WHERE ("users"."id" = 6) LIMIT 1[0m
Redirected to http://localhost:3000/login
Completed in 64ms (DB: 1) | 302 Found [http://localhost/user_sessions]


Processing UserSessionsController#new (for 127.0.0.1 at 2009-07-26 23:52:56) [GET]
  Parameters: {"action"=>"new", "controller"=>"user_sessions"}
Rendering user_sessions/new
Completed in 23ms (View: 4, DB: 0) | 200 OK [http://localhost/login]


Processing UserSessionsController#create (for 127.0.0.1 at 2009-07-26 23:53:59) [POST]
  Parameters: {"commit"=>"Entrar", "user_session"=>{"password"=>"[FILTERED]", "login"=>"diego"}, "action"=>"create", "controller"=>"user_sessions"}
  [4;35;1mUser Load (1.4ms)[0m   [0mSELECT * FROM "users" WHERE (LOWER("users".login) = 'diego') LIMIT 1[0m
  [4;36;1mUser Load (1.1ms)[0m   [0;1mSELECT * FROM "users" WHERE ("users"."id" = 6) LIMIT 1[0m
Redirected to http://localhost:3000/login
Completed in 93ms (DB: 2) | 302 Found [http://localhost/user_sessions]


Processing UserSessionsController#new (for 127.0.0.1 at 2009-07-26 23:54:00) [GET]
  Parameters: {"action"=>"new", "controller"=>"user_sessions"}
Rendering template within layouts/application
Rendering user_sessions/new
Completed in 75ms (View: 18, DB: 0) | 200 OK [http://localhost/login]


Processing ActiveUsersController#edit (for 127.0.0.1 at 2009-07-26 23:54:34) [GET]
  Parameters: {"action"=>"edit", "id"=>"6", "controller"=>"active_users"}
Redirected to http://localhost:3000/user_sessions/new
Filter chain halted as [:require_user] rendered_or_redirected.
Completed in 57ms (DB: 0) | 302 Found [http://localhost/active_users/6/edit]


Processing UserSessionsController#new (for 127.0.0.1 at 2009-07-26 23:54:35) [GET]
  Parameters: {"action"=>"new", "controller"=>"user_sessions"}
Rendering template within layouts/application
Rendering user_sessions/new
Completed in 32ms (View: 3, DB: 0) | 200 OK [http://localhost/user_sessions/new]


Processing UserSessionsController#create (for 127.0.0.1 at 2009-07-26 23:54:47) [POST]
  Parameters: {"commit"=>"Entrar", "user_session"=>{"password"=>"[FILTERED]", "login"=>"diego"}, "action"=>"create", "controller"=>"user_sessions"}
  [4;35;1mUser Load (1.7ms)[0m   [0mSELECT * FROM "users" WHERE (LOWER("users".login) = 'diego') LIMIT 1[0m
  [4;36;1mUser Load (1.3ms)[0m   [0;1mSELECT * FROM "users" WHERE ("users"."id" = 6) LIMIT 1[0m
Redirected to http://localhost:3000/active_users/6/edit
Completed in 107ms (DB: 3) | 302 Found [http://localhost/user_sessions]


Processing ActiveUsersController#edit (for 127.0.0.1 at 2009-07-26 23:54:47) [GET]
  Parameters: {"action"=>"edit", "id"=>"6", "controller"=>"active_users"}
Redirected to http://localhost:3000/user_sessions/new
Filter chain halted as [:require_user] rendered_or_redirected.
Completed in 74ms (DB: 0) | 302 Found [http://localhost/active_users/6/edit]


Processing UserSessionsController#new (for 127.0.0.1 at 2009-07-26 23:54:47) [GET]
  Parameters: {"action"=>"new", "controller"=>"user_sessions"}
Rendering template within layouts/application
Rendering user_sessions/new
Completed in 65ms (View: 7, DB: 0) | 200 OK [http://localhost/user_sessions/new]


Processing UsersController#new (for 127.0.0.1 at 2009-07-27 13:54:03) [GET]
  Parameters: {"action"=>"new", "controller"=>"users"}
Rendering template within layouts/application
Rendering users/new
Rendered users/_form (19.3ms)
Completed in 103ms (View: 62, DB: 0) | 200 OK [http://localhost/users/new]


Processing UsersController#create (for 127.0.0.1 at 2009-07-27 13:58:35) [POST]
  Parameters: {"commit"=>"Registrar", "action"=>"create", "controller"=>"users", "user"=>{"password_confirmation"=>"[FILTERED]", "password"=>"[FILTERED]", "login"=>"diego", "email"=>"diegoalvareznogueira@gmail.com"}}
  [4;36;1mUser Load (0.2ms)[0m   [0;1mSELECT "users".id FROM "users" WHERE (LOWER("users"."email") = 'diegoalvareznogueira@gmail.com') LIMIT 1[0m
  [4;35;1mUser Load (0.2ms)[0m   [0mSELECT "users".id FROM "users" WHERE (LOWER("users"."login") = 'diego') LIMIT 1[0m
  [4;36;1mUser Load (0.2ms)[0m   [0;1mSELECT "users".id FROM "users" WHERE ("users"."persistence_token" = '58ae0d5f49a12390a4236a5ba3a6446d7705813d980c59aabdee8c382b494be3ceef3803d19d06516a8377074c95c298b97c4706cd42b7b5ed5a33679cbb814d') LIMIT 1[0m
  [4;35;1mUser Create (0.6ms)[0m   [0mINSERT INTO "users" ("created_at", "crypted_password", "updated_at", "password_salt", "persistence_token", "login", "status", "email") VALUES('2009-07-27 16:58:36', '1b9fa1acbdc2637dda3d1dda463f7e86a0bed7d71ea26c1c082da8168f77f1cde2ddc8ec3a96d4804eaa626019c7c61adcb029a3ce39dfeacb573602e5f5c9d9', '2009-07-27 16:58:36', 'Qy9CZDR_EDYrqhhnzZq_', '58ae0d5f49a12390a4236a5ba3a6446d7705813d980c59aabdee8c382b494be3ceef3803d19d06516a8377074c95c298b97c4706cd42b7b5ed5a33679cbb814d', 'diego', 'f', 'diegoalvareznogueira@gmail.com')[0m
Sent mail to diegoalvareznogueira@gmail.com

From: elisa.pingret@d3i.com.br
Reply-To: elisa.pingret@d3i.com.br
To: diegoalvareznogueira@gmail.com
Subject: Cadastro Aceito
Mime-Version: 1.0
Content-Type: text/html; charset=utf-8

		<b>Seu cadastro precisa ser confirmado<br></b>
		<b>Data do cadastro: </b>2009-07-27 16:58:36 UTC<br>
		<b>Login: </b>diego<br>
		<b>E-mail: </b>diegoalvareznogueira@gmail.com<br>
		<b>Para ativar </b><a href='http://localhost:3000/active_users/7/edit'>clique aqui.</a>		
  
Redirected to http://localhost:3000/logout
Completed in 9150ms (DB: 1) | 302 Found [http://localhost/users]


Processing UserSessionsController#destroy (for 127.0.0.1 at 2009-07-27 13:58:45) [GET]
  Parameters: {"action"=>"destroy", "controller"=>"user_sessions"}
  [4;36;1mUser Load (1.3ms)[0m   [0;1mSELECT * FROM "users" WHERE ("users"."persistence_token" = '58ae0d5f49a12390a4236a5ba3a6446d7705813d980c59aabdee8c382b494be3ceef3803d19d06516a8377074c95c298b97c4706cd42b7b5ed5a33679cbb814d') LIMIT 1[0m
Redirected to http://localhost:3000/login
Completed in 165ms (DB: 1) | 302 Found [http://localhost/logout]


Processing UserSessionsController#new (for 127.0.0.1 at 2009-07-27 13:58:45) [GET]
  Parameters: {"action"=>"new", "controller"=>"user_sessions"}
Rendering template within layouts/application
Rendering user_sessions/new
Completed in 113ms (View: 36, DB: 0) | 200 OK [http://localhost/login]


Processing ActiveUsersController#edit (for 127.0.0.1 at 2009-07-27 14:08:20) [GET]
  Parameters: {"action"=>"edit", "id"=>"7", "controller"=>"active_users"}
Redirected to http://localhost:3000/user_sessions/new
Filter chain halted as [:require_user] rendered_or_redirected.
Completed in 40ms (DB: 0) | 302 Found [http://localhost/active_users/7/edit]


Processing UserSessionsController#new (for 127.0.0.1 at 2009-07-27 14:08:20) [GET]
  Parameters: {"action"=>"new", "controller"=>"user_sessions"}
Rendering template within layouts/application
Rendering user_sessions/new
Completed in 24ms (View: 3, DB: 0) | 200 OK [http://localhost/user_sessions/new]


Processing UserSessionsController#create (for 127.0.0.1 at 2009-07-27 14:08:25) [POST]
  Parameters: {"commit"=>"Entrar", "user_session"=>{"password"=>"[FILTERED]", "login"=>"diego"}, "action"=>"create", "controller"=>"user_sessions"}
  [4;35;1mUser Load (1.3ms)[0m   [0mSELECT * FROM "users" WHERE (LOWER("users".login) = 'diego') LIMIT 1[0m
  [4;36;1mUser Load (3.8ms)[0m   [0;1mSELECT * FROM "users" WHERE ("users"."id" = 7) LIMIT 1[0m
Redirected to http://localhost:3000/active_users/7/edit
Completed in 143ms (DB: 5) | 302 Found [http://localhost/user_sessions]


Processing ActiveUsersController#edit (for 127.0.0.1 at 2009-07-27 14:08:26) [GET]
  Parameters: {"action"=>"edit", "id"=>"7", "controller"=>"active_users"}
Redirected to http://localhost:3000/user_sessions/new
Filter chain halted as [:require_user] rendered_or_redirected.
Completed in 30ms (DB: 0) | 302 Found [http://localhost/active_users/7/edit]


Processing UserSessionsController#new (for 127.0.0.1 at 2009-07-27 14:08:26) [GET]
  Parameters: {"action"=>"new", "controller"=>"user_sessions"}
Rendering template within layouts/application
Rendering user_sessions/new
Completed in 30ms (View: 3, DB: 0) | 200 OK [http://localhost/user_sessions/new]


Processing UsersController#new (for 127.0.0.1 at 2009-07-27 15:41:53) [GET]
  Parameters: {"action"=>"new", "controller"=>"users"}
Rendering template within layouts/application
Rendering users/new
Rendered users/_form (4.8ms)
Completed in 67ms (View: 7, DB: 0) | 200 OK [http://localhost/users/new]


Processing UsersController#create (for 127.0.0.1 at 2009-07-27 15:42:05) [POST]
  Parameters: {"commit"=>"Registrar", "action"=>"create", "controller"=>"users", "user"=>{"password_confirmation"=>"[FILTERED]", "password"=>"[FILTERED]", "login"=>"diego", "email"=>"diegoalvareznogueira@gmail.com"}}
  [4;35;1mUser Load (0.8ms)[0m   [0mSELECT "users".id FROM "users" WHERE (LOWER("users"."email") = 'diegoalvareznogueira@gmail.com') LIMIT 1[0m
  [4;36;1mUser Load (0.2ms)[0m   [0;1mSELECT "users".id FROM "users" WHERE (LOWER("users"."login") = 'diego') LIMIT 1[0m
  [4;35;1mUser Load (0.2ms)[0m   [0mSELECT "users".id FROM "users" WHERE ("users"."persistence_token" = 'ed071159bbc99bac59ef63d9a6e0710a4368fabb90eed18387f168404b1a646f212e0fc22686799025f4cb5635ea419087ddbf42c2a012dff64be3446096df67') LIMIT 1[0m
  [4;36;1mUser Create (1.2ms)[0m   [0;1mINSERT INTO "users" ("created_at", "crypted_password", "updated_at", "perishable_token", "password_salt", "persistence_token", "login", "status", "email") VALUES('2009-07-27 18:42:05', '494f97d3ba60b6302b02425b820df47fc16796506c5413847ac1b26be57d460322d1cb07e3d5783f121f0aab60e902d4d375d53135a10714fd5819c664989ff5', '2009-07-27 18:42:05', 'DJiKYEpSN9ZYK7xo9LAZ', 'EuHT1m_FB5R34KKKC90p', 'ed071159bbc99bac59ef63d9a6e0710a4368fabb90eed18387f168404b1a646f212e0fc22686799025f4cb5635ea419087ddbf42c2a012dff64be3446096df67', 'diego', 'f', 'diegoalvareznogueira@gmail.com')[0m
Sent mail to diegoalvareznogueira@gmail.com

From: elisa.pingret@d3i.com.br
Reply-To: elisa.pingret@d3i.com.br
To: diegoalvareznogueira@gmail.com
Subject: Cadastro Aceito
Mime-Version: 1.0
Content-Type: text/html; charset=utf-8

		<b>Seu cadastro precisa ser confirmado<br></b>
		<b>Data do cadastro: </b>2009-07-27 18:42:05 UTC<br>
		<b>Login: </b>diego<br>
		<b>E-mail: </b>diegoalvareznogueira@gmail.com<br>
		<b>Para ativar </b><a href='http://localhost:3000/active_users/DJiKYEpSN9ZYK7xo9LAZ/edit'>clique aqui.</a>		
  
Redirected to http://localhost:3000/logout
Completed in 19153ms (DB: 2) | 302 Found [http://localhost/users]


Processing UserSessionsController#destroy (for 127.0.0.1 at 2009-07-27 15:42:25) [GET]
  Parameters: {"action"=>"destroy", "controller"=>"user_sessions"}
  [4;35;1mUser Load (0.6ms)[0m   [0mSELECT * FROM "users" WHERE ("users"."persistence_token" = 'ed071159bbc99bac59ef63d9a6e0710a4368fabb90eed18387f168404b1a646f212e0fc22686799025f4cb5635ea419087ddbf42c2a012dff64be3446096df67') LIMIT 1[0m
Redirected to http://localhost:3000/active_users/7/edit
Completed in 56ms (DB: 1) | 302 Found [http://localhost/logout]


Processing ActiveUsersController#edit (for 127.0.0.1 at 2009-07-27 15:42:25) [GET]
  Parameters: {"action"=>"edit", "id"=>"7", "controller"=>"active_users"}
  [4;36;1mSQL (0.4ms)[0m   [0;1m SELECT name
 FROM sqlite_master
 WHERE type = 'table' AND NOT name = 'sqlite_sequence'
[0m

NoMethodError (undefined method `search' for #<Class:0xb6de2360>):
  app/controllers/active_users_controller.rb:23:in `load_user'

Rendered rescues/_trace (69.7ms)
Rendered rescues/_request_and_response (2.3ms)
Rendering rescues/layout (internal_server_error)


Processing UsersController#index (for 127.0.0.1 at 2009-07-27 15:42:39) [GET]
  Parameters: {"action"=>"index", "controller"=>"users"}

ActionController::UnknownAction (No action responded to index. Actions: create, current_user, edit, new, show, and update):
  

Rendering rescues/layout (not_found)


Processing UsersController#new (for 127.0.0.1 at 2009-07-27 15:42:42) [GET]
  Parameters: {"action"=>"new", "controller"=>"users"}
Rendering template within layouts/application
Rendering users/new
Rendered users/_form (10.2ms)
Completed in 59ms (View: 13, DB: 0) | 200 OK [http://localhost/users/new]


Processing UsersController#create (for 127.0.0.1 at 2009-07-27 15:43:33) [POST]
  Parameters: {"commit"=>"Registrar", "action"=>"create", "controller"=>"users", "user"=>{"password_confirmation"=>"[FILTERED]", "password"=>"[FILTERED]", "login"=>"diego", "email"=>"diegoalvareznogueira@gmail.com"}}
  [4;35;1mUser Load (0.2ms)[0m   [0mSELECT "users".id FROM "users" WHERE (LOWER("users"."email") = 'diegoalvareznogueira@gmail.com') LIMIT 1[0m
  [4;36;1mUser Load (0.2ms)[0m   [0;1mSELECT "users".id FROM "users" WHERE (LOWER("users"."login") = 'diego') LIMIT 1[0m
  [4;35;1mUser Load (0.2ms)[0m   [0mSELECT "users".id FROM "users" WHERE ("users"."persistence_token" = '84ff5ce4b310f4a6d21088edad4ffbcfb2c356558c36d48cd6d9b3fb535280f154c7124b32c284356dd782e65da4fbd70131c485bbcb05f96629671abd52abf7') LIMIT 1[0m
  [4;36;1mUser Create (0.5ms)[0m   [0;1mINSERT INTO "users" ("created_at", "crypted_password", "updated_at", "perishable_token", "password_salt", "persistence_token", "login", "status", "email") VALUES('2009-07-27 18:43:33', '94058c80575e363e494ca41e529075e5f1d3990dd857f06ddc7d01e6e0b56890f1c11c3f94b005a38e7904ee1c3b785ec6b51dbeebc66091d591cf7db9d23934', '2009-07-27 18:43:33', 'cit2cCOwy-Uu6bW6AbSx', '35Fs-1mwG6SfwZ8EwNSL', '84ff5ce4b310f4a6d21088edad4ffbcfb2c356558c36d48cd6d9b3fb535280f154c7124b32c284356dd782e65da4fbd70131c485bbcb05f96629671abd52abf7', 'diego', 'f', 'diegoalvareznogueira@gmail.com')[0m
Sent mail to diegoalvareznogueira@gmail.com

From: elisa.pingret@d3i.com.br
Reply-To: elisa.pingret@d3i.com.br
To: diegoalvareznogueira@gmail.com
Subject: Cadastro Aceito
Mime-Version: 1.0
Content-Type: text/html; charset=utf-8

		<b>Seu cadastro precisa ser confirmado<br></b>
		<b>Data do cadastro: </b>2009-07-27 18:43:33 UTC<br>
		<b>Login: </b>diego<br>
		<b>E-mail: </b>diegoalvareznogueira@gmail.com<br>
		<b>Para ativar </b><a href='http://localhost:3000/active_users/cit2cCOwy-Uu6bW6AbSx/edit'>clique aqui.</a>		
  
Redirected to http://localhost:3000/logout
Completed in 19164ms (DB: 1) | 302 Found [http://localhost/users]


Processing UserSessionsController#destroy (for 127.0.0.1 at 2009-07-27 15:43:52) [GET]
  Parameters: {"action"=>"destroy", "controller"=>"user_sessions"}
  [4;35;1mUser Load (0.6ms)[0m   [0mSELECT * FROM "users" WHERE ("users"."persistence_token" = '84ff5ce4b310f4a6d21088edad4ffbcfb2c356558c36d48cd6d9b3fb535280f154c7124b32c284356dd782e65da4fbd70131c485bbcb05f96629671abd52abf7') LIMIT 1[0m
Redirected to http://localhost:3000/login
Completed in 37ms (DB: 1) | 302 Found [http://localhost/logout]


Processing UserSessionsController#new (for 127.0.0.1 at 2009-07-27 15:43:52) [GET]
  Parameters: {"action"=>"new", "controller"=>"user_sessions"}
Rendering template within layouts/application
Rendering user_sessions/new
Completed in 36ms (View: 10, DB: 0) | 200 OK [http://localhost/login]


Processing ActiveUsersController#edit (for 127.0.0.1 at 2009-07-27 15:44:37) [GET]
  Parameters: {"action"=>"edit", "id"=>"cit2cCOwy-Uu6bW6AbSx", "controller"=>"active_users"}
  [4;36;1mSQL (0.4ms)[0m   [0;1m SELECT name
 FROM sqlite_master
 WHERE type = 'table' AND NOT name = 'sqlite_sequence'
[0m

NoMethodError (undefined method `search' for #<Class:0xb6f3b928>):
  app/controllers/active_users_controller.rb:23:in `load_user'

Rendered rescues/_trace (60.5ms)
Rendered rescues/_request_and_response (0.5ms)
Rendering rescues/layout (internal_server_error)


Processing UsersController#new (for 127.0.0.1 at 2009-07-27 15:47:20) [GET]
  Parameters: {"action"=>"new", "controller"=>"users"}
Rendering template within layouts/application
Rendering users/new
Rendered users/_form (9.8ms)
Completed in 78ms (View: 12, DB: 0) | 200 OK [http://localhost/users/new]


Processing UsersController#create (for 127.0.0.1 at 2009-07-27 15:47:30) [POST]
  Parameters: {"commit"=>"Registrar", "action"=>"create", "controller"=>"users", "user"=>{"password_confirmation"=>"[FILTERED]", "password"=>"[FILTERED]", "login"=>"diego", "email"=>"diegoalvareznogueira@gmail.com"}}
  [4;35;1mUser Load (0.2ms)[0m   [0mSELECT "users".id FROM "users" WHERE (LOWER("users"."email") = 'diegoalvareznogueira@gmail.com') LIMIT 1[0m
  [4;36;1mUser Load (0.2ms)[0m   [0;1mSELECT "users".id FROM "users" WHERE (LOWER("users"."login") = 'diego') LIMIT 1[0m
  [4;35;1mUser Load (0.2ms)[0m   [0mSELECT "users".id FROM "users" WHERE ("users"."persistence_token" = '9b8ae2074396cfa74c6e3f372f3c7f9c5c8a9cfd1a4b857c59c3d92c2a5677521c15bb37b9b39603c6ccb59882bb795a865b92f4a3e5d325d01a80ec77acc1ee') LIMIT 1[0m
  [4;36;1mUser Create (0.5ms)[0m   [0;1mINSERT INTO "users" ("created_at", "crypted_password", "updated_at", "perishable_token", "password_salt", "persistence_token", "login", "status", "email") VALUES('2009-07-27 18:47:30', 'dc0c7da769f4a9f33b591f35d88c65dd27c1d137100ea5d4458481cf495f333d27a49a5df24f6e2fa2a8ea4cae29558cbc02994d05c1d93c59baa6c4b171f077', '2009-07-27 18:47:30', 'BQrrl7w4Xcfs_JuwWG-r', 'rOdqGzPtUkQ12rfY9xwU', '9b8ae2074396cfa74c6e3f372f3c7f9c5c8a9cfd1a4b857c59c3d92c2a5677521c15bb37b9b39603c6ccb59882bb795a865b92f4a3e5d325d01a80ec77acc1ee', 'diego', 'f', 'diegoalvareznogueira@gmail.com')[0m
Sent mail to diegoalvareznogueira@gmail.com

From: elisa.pingret@d3i.com.br
Reply-To: elisa.pingret@d3i.com.br
To: diegoalvareznogueira@gmail.com
Subject: Cadastro Aceito
Mime-Version: 1.0
Content-Type: text/html; charset=utf-8

		<b>Seu cadastro precisa ser confirmado<br></b>
		<b>Data do cadastro: </b>2009-07-27 18:47:30 UTC<br>
		<b>Login: </b>diego<br>
		<b>E-mail: </b>diegoalvareznogueira@gmail.com<br>
		<b>Para ativar </b><a href='http://localhost:3000/active_users/BQrrl7w4Xcfs_JuwWG-r/edit'>clique aqui.</a>		
  
Redirected to http://localhost:3000/logout
Completed in 20547ms (DB: 1) | 302 Found [http://localhost/users]


Processing UserSessionsController#destroy (for 127.0.0.1 at 2009-07-27 15:47:51) [GET]
  Parameters: {"action"=>"destroy", "controller"=>"user_sessions"}
  [4;35;1mUser Load (0.6ms)[0m   [0mSELECT * FROM "users" WHERE ("users"."persistence_token" = '9b8ae2074396cfa74c6e3f372f3c7f9c5c8a9cfd1a4b857c59c3d92c2a5677521c15bb37b9b39603c6ccb59882bb795a865b92f4a3e5d325d01a80ec77acc1ee') LIMIT 1[0m
Redirected to http://localhost:3000/login
Completed in 53ms (DB: 1) | 302 Found [http://localhost/logout]


Processing UserSessionsController#new (for 127.0.0.1 at 2009-07-27 15:47:51) [GET]
  Parameters: {"action"=>"new", "controller"=>"user_sessions"}
Rendering template within layouts/application
Rendering user_sessions/new
Completed in 44ms (View: 4, DB: 0) | 200 OK [http://localhost/login]


Processing ActiveUsersController#edit (for 127.0.0.1 at 2009-07-27 15:48:37) [GET]
  Parameters: {"action"=>"edit", "id"=>"BQrrl7w4Xcfs_JuwWG-r", "controller"=>"active_users"}
  [4;36;1mUser Load (0.6ms)[0m   [0;1mSELECT * FROM "users" WHERE (perishable_token = 'BQrrl7w4Xcfs_JuwWG-r' and updated_at > '2009-07-27 18:38:37') LIMIT 1[0m
  [4;35;1mUser Update (0.5ms)[0m   [0mUPDATE "users" SET "updated_at" = '2009-07-27 18:48:37', "perishable_token" = 'hKq9iZHRhZgJlkh4aJcf', "status" = 't' WHERE "id" = 10[0m

NoMethodError (undefined method `username' for #<User:0xb6eb3988>):
  app/controllers/active_users_controller.rb:31:in `send_email_actived_user'
  app/controllers/active_users_controller.rb:9:in `edit'

Rendered rescues/_trace (67.7ms)
Rendered rescues/_request_and_response (0.4ms)
Rendering rescues/layout (internal_server_error)


Processing ActiveUsersController#edit (for 127.0.0.1 at 2009-07-27 15:49:19) [GET]
  Parameters: {"action"=>"edit", "id"=>"BQrrl7w4Xcfs_JuwWG-r", "controller"=>"active_users"}
  [4;36;1mUser Load (0.3ms)[0m   [0;1mSELECT * FROM "users" WHERE (perishable_token = 'BQrrl7w4Xcfs_JuwWG-r' and updated_at > '2009-07-27 18:39:19') LIMIT 1[0m

NoMethodError (undefined method `edit_active_user' for #<ActiveUsersController:0xb6dd35e0>):
  app/controllers/active_users_controller.rb:15:in `edit'

Rendered rescues/_trace (78.9ms)
Rendered rescues/_request_and_response (1.0ms)
Rendering rescues/layout (internal_server_error)


Processing UsersController#new (for 127.0.0.1 at 2009-07-27 15:50:42) [GET]
  Parameters: {"action"=>"new", "controller"=>"users"}
Rendering template within layouts/application
Rendering users/new
Rendered users/_form (5.0ms)
Completed in 69ms (View: 12, DB: 0) | 200 OK [http://localhost/users/new]


Processing UsersController#create (for 127.0.0.1 at 2009-07-27 15:51:32) [POST]
  Parameters: {"commit"=>"Registrar", "action"=>"create", "controller"=>"users", "user"=>{"password_confirmation"=>"[FILTERED]", "password"=>"[FILTERED]", "login"=>"diego", "email"=>"diegoalvareznogueira@gmail.com"}}
  [4;35;1mUser Load (0.2ms)[0m   [0mSELECT "users".id FROM "users" WHERE (LOWER("users"."email") = 'diegoalvareznogueira@gmail.com') LIMIT 1[0m
  [4;36;1mUser Load (0.2ms)[0m   [0;1mSELECT "users".id FROM "users" WHERE (LOWER("users"."login") = 'diego') LIMIT 1[0m
  [4;35;1mUser Load (4.9ms)[0m   [0mSELECT "users".id FROM "users" WHERE ("users"."persistence_token" = '537091bdf235cffa5e738e730cf52a3b3adae3e614940ffb64712bd4711c0638dbbb3659c0436ac8ac14074db817265d6d7e879361b04027c01e54c480faceb9') LIMIT 1[0m
  [4;36;1mUser Create (0.5ms)[0m   [0;1mINSERT INTO "users" ("created_at", "crypted_password", "updated_at", "perishable_token", "password_salt", "persistence_token", "login", "status", "email") VALUES('2009-07-27 18:51:32', '30af40fa22d2dad1d5980594a2d642a9819932f414bf01148727aa30ffe2ee38c7377d38305fcc9e9ecc4ba3d9309803082892befff251439b14de36d01ef722', '2009-07-27 18:51:32', 'Os_SWw9wbEf-bbvz5CRX', '3g9URQri02KoFI8FIZPm', '537091bdf235cffa5e738e730cf52a3b3adae3e614940ffb64712bd4711c0638dbbb3659c0436ac8ac14074db817265d6d7e879361b04027c01e54c480faceb9', 'diego', 'f', 'diegoalvareznogueira@gmail.com')[0m
Sent mail to diegoalvareznogueira@gmail.com

From: elisa.pingret@d3i.com.br
Reply-To: elisa.pingret@d3i.com.br
To: diegoalvareznogueira@gmail.com
Subject: Cadastro Aceito
Mime-Version: 1.0
Content-Type: text/html; charset=utf-8

		<b>Seu cadastro precisa ser confirmado<br></b>
		<b>Data do cadastro: </b>2009-07-27 18:51:32 UTC<br>
		<b>Login: </b>diego<br>
		<b>E-mail: </b>diegoalvareznogueira@gmail.com<br>
		<b>Para ativar </b><a href='http://localhost:3000/active_users/Os_SWw9wbEf-bbvz5CRX/edit'>clique aqui.</a>		
  
Redirected to http://localhost:3000/logout
Completed in 19467ms (DB: 6) | 302 Found [http://localhost/users]


Processing UserSessionsController#destroy (for 127.0.0.1 at 2009-07-27 15:51:52) [GET]
  Parameters: {"action"=>"destroy", "controller"=>"user_sessions"}
  [4;35;1mUser Load (0.6ms)[0m   [0mSELECT * FROM "users" WHERE ("users"."persistence_token" = '537091bdf235cffa5e738e730cf52a3b3adae3e614940ffb64712bd4711c0638dbbb3659c0436ac8ac14074db817265d6d7e879361b04027c01e54c480faceb9') LIMIT 1[0m
Redirected to http://localhost:3000/login
Completed in 44ms (DB: 1) | 302 Found [http://localhost/logout]


Processing UserSessionsController#new (for 127.0.0.1 at 2009-07-27 15:51:52) [GET]
  Parameters: {"action"=>"new", "controller"=>"user_sessions"}
Rendering template within layouts/application
Rendering user_sessions/new
Completed in 41ms (View: 7, DB: 0) | 200 OK [http://localhost/login]


Processing ActiveUsersController#edit (for 127.0.0.1 at 2009-07-27 15:52:06) [GET]
  Parameters: {"action"=>"edit", "id"=>"Os_SWw9wbEf-bbvz5CRX", "controller"=>"active_users"}
  [4;36;1mUser Load (0.6ms)[0m   [0;1mSELECT * FROM "users" WHERE (perishable_token = 'Os_SWw9wbEf-bbvz5CRX' and updated_at > '2009-07-27 18:42:06') LIMIT 1[0m
  [4;35;1mUser Update (0.5ms)[0m   [0mUPDATE "users" SET "updated_at" = '2009-07-27 18:52:06', "perishable_token" = 'XEoBtqJUSHVTn8pa8b9d', "status" = 't' WHERE "id" = 11[0m
Sent mail to diegoalvareznogueira@gmail.com

From: elisa.pingret@d3i.com.br
Reply-To: elisa.pingret@d3i.com.br
To: diegoalvareznogueira@gmail.com
Subject: Cadastro Aceito
Mime-Version: 1.0
Content-Type: text/html; charset=utf-8

		<b>Seu cadastro foi aceito!<br></b>
		<b>Data do cadastro: </b>2009-07-27 18:51:32 UTC<br>
		<b>Login: </b>diego<br>
		<b>E-mail: </b>diegoalvareznogueira@gmail.com<br>
  
Redirected to http://localhost:3000/users/11/edit
Completed in 19522ms (DB: 1) | 302 Found [http://localhost/active_users/Os_SWw9wbEf-bbvz5CRX/edit]


Processing UsersController#edit (for 127.0.0.1 at 2009-07-27 15:52:25) [GET]
  Parameters: {"action"=>"edit", "id"=>"11", "controller"=>"users"}
Redirected to http://localhost:3000/user_sessions/new
Filter chain halted as [:require_user] rendered_or_redirected.
Completed in 24ms (DB: 0) | 302 Found [http://localhost/users/11/edit]


Processing UserSessionsController#new (for 127.0.0.1 at 2009-07-27 15:52:25) [GET]
  Parameters: {"action"=>"new", "controller"=>"user_sessions"}
Rendering template within layouts/application
Rendering user_sessions/new
Completed in 45ms (View: 11, DB: 0) | 200 OK [http://localhost/user_sessions/new]


Processing UserSessionsController#new (for 127.0.0.1 at 2009-07-27 15:56:37) [GET]
  Parameters: {"action"=>"new", "controller"=>"user_sessions"}
Rendering template within layouts/application
Rendering user_sessions/new
Completed in 48ms (View: 3, DB: 0) | 200 OK [http://localhost/user_sessions/new]


Processing UsersController#new (for 127.0.0.1 at 2009-07-27 15:56:41) [GET]
  Parameters: {"action"=>"new", "controller"=>"users"}
Rendering template within layouts/application
Rendering users/new
Rendered users/_form (9.8ms)
Completed in 70ms (View: 12, DB: 0) | 200 OK [http://localhost/users/new]


Processing UsersController#create (for 127.0.0.1 at 2009-07-27 15:56:49) [POST]
  Parameters: {"commit"=>"Registrar", "action"=>"create", "controller"=>"users", "user"=>{"password_confirmation"=>"[FILTERED]", "password"=>"[FILTERED]", "login"=>"diego", "email"=>"diegoalvareznogueira@gmail.com"}}
  [4;36;1mUser Load (1.1ms)[0m   [0;1mSELECT "users".id FROM "users" WHERE (LOWER("users"."email") = 'diegoalvareznogueira@gmail.com') LIMIT 1[0m
  [4;35;1mUser Load (0.3ms)[0m   [0mSELECT "users".id FROM "users" WHERE (LOWER("users"."login") = 'diego') LIMIT 1[0m
  [4;36;1mUser Load (0.2ms)[0m   [0;1mSELECT "users".id FROM "users" WHERE ("users"."persistence_token" = '674dec44f7a6bc71183a2806b74a9416536752c6f2e2330d3486e5bf44877e9e1ab9a419986b187969df938dd98ab51980564a4800463965e86311922743fec0') LIMIT 1[0m
Rendering template within layouts/application
Rendering users/new
Rendered users/_form (21.0ms)
Completed in 71ms (View: 23, DB: 2) | 200 OK [http://localhost/users]


Processing UsersController#create (for 127.0.0.1 at 2009-07-27 15:56:57) [POST]
  Parameters: {"commit"=>"Registrar", "action"=>"create", "controller"=>"users", "user"=>{"password_confirmation"=>"[FILTERED]", "password"=>"[FILTERED]", "login"=>"diego", "email"=>"diegoalvareznogueira@gmail.com"}}
  [4;35;1mUser Load (0.2ms)[0m   [0mSELECT "users".id FROM "users" WHERE (LOWER("users"."email") = 'diegoalvareznogueira@gmail.com') LIMIT 1[0m
  [4;36;1mUser Load (0.2ms)[0m   [0;1mSELECT "users".id FROM "users" WHERE (LOWER("users"."login") = 'diego') LIMIT 1[0m
  [4;35;1mUser Load (0.2ms)[0m   [0mSELECT "users".id FROM "users" WHERE ("users"."persistence_token" = '0df062d26cbaa6e71534673dfbdfc2c2c2d3dee98e0f2f97410abf0496442ea88fb1e2ea2ddb8c146c5253413f5a7a5c39f604609b7a8821fc99208ed936dc62') LIMIT 1[0m
  [4;36;1mUser Create (0.5ms)[0m   [0;1mINSERT INTO "users" ("created_at", "crypted_password", "updated_at", "perishable_token", "password_salt", "persistence_token", "login", "status", "email") VALUES('2009-07-27 18:56:57', '105db08840cca8a87e109916cf5ffd44b7fd35817641101c53d434996ec94f1d8961b9cf11175db6f1dd7c834c5fb7803377d927f56c4f7946210d219c34ade8', '2009-07-27 18:56:57', 'Adqbvk-yWswz42i78hDh', 'vo8YXEkZZuMms9oksHXR', '0df062d26cbaa6e71534673dfbdfc2c2c2d3dee98e0f2f97410abf0496442ea88fb1e2ea2ddb8c146c5253413f5a7a5c39f604609b7a8821fc99208ed936dc62', 'diego', 'f', 'diegoalvareznogueira@gmail.com')[0m
Sent mail to diegoalvareznogueira@gmail.com

From: elisa.pingret@d3i.com.br
Reply-To: elisa.pingret@d3i.com.br
To: diegoalvareznogueira@gmail.com
Subject: Cadastro Aceito
Mime-Version: 1.0
Content-Type: text/html; charset=utf-8

		<b>Seu cadastro precisa ser confirmado<br></b>
		<b>Data do cadastro: </b>2009-07-27 18:56:57 UTC<br>
		<b>Login: </b>diego<br>
		<b>E-mail: </b>diegoalvareznogueira@gmail.com<br>
		<b>Para ativar </b><a href='http://localhost:3000/active_users/Adqbvk-yWswz42i78hDh/edit'>clique aqui.</a>		
  
Redirected to http://localhost:3000/logout
Completed in 19586ms (DB: 1) | 302 Found [http://localhost/users]


Processing UserSessionsController#destroy (for 127.0.0.1 at 2009-07-27 15:57:17) [GET]
  Parameters: {"action"=>"destroy", "controller"=>"user_sessions"}
  [4;35;1mUser Load (0.6ms)[0m   [0mSELECT * FROM "users" WHERE ("users"."persistence_token" = '0df062d26cbaa6e71534673dfbdfc2c2c2d3dee98e0f2f97410abf0496442ea88fb1e2ea2ddb8c146c5253413f5a7a5c39f604609b7a8821fc99208ed936dc62') LIMIT 1[0m
Redirected to http://localhost:3000/users/11/edit
Completed in 37ms (DB: 1) | 302 Found [http://localhost/logout]


Processing UsersController#edit (for 127.0.0.1 at 2009-07-27 15:57:17) [GET]
  Parameters: {"action"=>"edit", "id"=>"11", "controller"=>"users"}
Redirected to http://localhost:3000/user_sessions/new
Filter chain halted as [:require_user] rendered_or_redirected.
Completed in 34ms (DB: 0) | 302 Found [http://localhost/users/11/edit]


Processing UserSessionsController#new (for 127.0.0.1 at 2009-07-27 15:57:17) [GET]
  Parameters: {"action"=>"new", "controller"=>"user_sessions"}
Rendering template within layouts/application
Rendering user_sessions/new
Completed in 32ms (View: 5, DB: 0) | 200 OK [http://localhost/user_sessions/new]


Processing ActiveUsersController#edit (for 127.0.0.1 at 2009-07-27 16:02:03) [GET]
  Parameters: {"action"=>"edit", "id"=>"Adqbvk-yWswz42i78hDh", "controller"=>"active_users"}
  [4;36;1mUser Load (0.6ms)[0m   [0;1mSELECT * FROM "users" WHERE (perishable_token = 'Adqbvk-yWswz42i78hDh' and updated_at > '2009-07-27 18:52:03') LIMIT 1[0m
  [4;35;1mUser Update (5.5ms)[0m   [0mUPDATE "users" SET "updated_at" = '2009-07-27 19:02:03', "perishable_token" = 'JIXRsSnm8fWawmw6MAcL', "status" = 't' WHERE "id" = 12[0m
Sent mail to diegoalvareznogueira@gmail.com

From: elisa.pingret@d3i.com.br
Reply-To: elisa.pingret@d3i.com.br
To: diegoalvareznogueira@gmail.com
Subject: Cadastro Aceito
Mime-Version: 1.0
Content-Type: text/html; charset=utf-8

		<b>Seu cadastro foi aceito!<br></b>
		<b>Data do cadastro: </b>2009-07-27 18:56:57 UTC<br>
		<b>Login: </b>diego<br>
		<b>E-mail: </b>diegoalvareznogueira@gmail.com<br>
  
Redirected to http://localhost:3000/users/12/edit
Completed in 20490ms (DB: 6) | 302 Found [http://localhost/active_users/Adqbvk-yWswz42i78hDh/edit]


Processing UsersController#edit (for 127.0.0.1 at 2009-07-27 16:02:24) [GET]
  Parameters: {"action"=>"edit", "id"=>"12", "controller"=>"users"}
Redirected to http://localhost:3000/user_sessions/new
Filter chain halted as [:require_user] rendered_or_redirected.
Completed in 29ms (DB: 0) | 302 Found [http://localhost/users/12/edit]


Processing UserSessionsController#new (for 127.0.0.1 at 2009-07-27 16:02:24) [GET]
  Parameters: {"action"=>"new", "controller"=>"user_sessions"}
Rendering template within layouts/application
Rendering user_sessions/new
Completed in 28ms (View: 4, DB: 0) | 200 OK [http://localhost/user_sessions/new]


Processing UserSessionsController#create (for 127.0.0.1 at 2009-07-27 16:02:57) [POST]
  Parameters: {"commit"=>"Entrar", "user_session"=>{"password"=>"[FILTERED]", "login"=>"diego"}, "action"=>"create", "controller"=>"user_sessions"}
  [4;36;1mUser Load (0.6ms)[0m   [0;1mSELECT * FROM "users" WHERE (LOWER("users".login) = 'diego') LIMIT 1[0m
  [4;35;1mUser Update (11.3ms)[0m   [0mUPDATE "users" SET "updated_at" = '2009-07-27 19:02:57', "perishable_token" = 'sDRF9aczjg8pbUvKhD34' WHERE "id" = 12[0m
  [4;36;1mUser Load (1.3ms)[0m   [0;1mSELECT * FROM "users" WHERE ("users"."id" = 12) LIMIT 1[0m
Redirected to http://localhost:3000/users/12/edit
Completed in 82ms (DB: 13) | 302 Found [http://localhost/user_sessions]


Processing UsersController#edit (for 127.0.0.1 at 2009-07-27 16:02:57) [GET]
  Parameters: {"action"=>"edit", "id"=>"12", "controller"=>"users"}
  [4;35;1mUser Load (0.6ms)[0m   [0mSELECT * FROM "users" WHERE ("users"."id" = '12') LIMIT 1[0m
  [4;36;1mUser Load (0.6ms)[0m   [0;1mSELECT * FROM "users" WHERE ("users"."id" = 12) [0m
Rendering template within layouts/application
Rendering users/edit
Rendered users/_form (2.3ms)
Completed in 132ms (View: 65, DB: 1) | 200 OK [http://localhost/users/12/edit]


Processing UserSessionsController#destroy (for 127.0.0.1 at 2009-07-27 16:03:07) [GET]
  Parameters: {"action"=>"destroy", "controller"=>"user_sessions"}
  [4;35;1mUser Load (0.6ms)[0m   [0mSELECT * FROM "users" WHERE ("users"."id" = '12') LIMIT 1[0m
Redirected to http://localhost:3000/login
Completed in 61ms (DB: 1) | 302 Found [http://localhost/logout]


Processing UserSessionsController#new (for 127.0.0.1 at 2009-07-27 16:03:08) [GET]
  Parameters: {"action"=>"new", "controller"=>"user_sessions"}
Rendering template within layouts/application
Rendering user_sessions/new
Completed in 59ms (View: 12, DB: 0) | 200 OK [http://localhost/login]


Processing PasswordResetsController#new (for 127.0.0.1 at 2009-07-27 16:03:18) [GET]
  Parameters: {"action"=>"new", "controller"=>"password_resets"}
Rendering template within layouts/application
Rendering password_resets/new
Completed in 41ms (View: 36, DB: 0) | 200 OK [http://localhost/password_resets/new]


Processing PasswordResetsController#create (for 127.0.0.1 at 2009-07-27 16:03:26) [POST]
  Parameters: {"commit"=>"Enviar", "action"=>"create", "controller"=>"password_resets", "email"=>"diegoalvareznogueira@gmail.com"}
  [4;36;1mUser Load (1.2ms)[0m   [0;1mSELECT * FROM "users" WHERE ("users"."email" = 'diegoalvareznogueira@gmail.com') LIMIT 1[0m
  [4;35;1mUser Update (0.7ms)[0m   [0mUPDATE "users" SET "updated_at" = '2009-07-27 19:03:27', "perishable_token" = 'caTEfh8z8oofP7xu_Exv' WHERE "id" = 12[0m
Sent mail to diegoalvareznogueira@gmail.com

From: elisa.pingret@d3i.com.br
Reply-To: elisa.pingret@d3i.com.br
To: diegoalvareznogueira@gmail.com
Subject: =?utf-8?Q?Instru=C3=A7=C3=B5es_para_trocar_a_senha?=
Mime-Version: 1.0
Content-Type: text/html; charset=utf-8

		<b>Instruções para trocar a senha a senha<br></b>
		<b>Login: </b>diego<br>
		<b>E-mail: </b>diegoalvareznogueira@gmail.com<br>
		<b>"Para trocar a senha <b>Link: </b><a href='http://localhost:3000/password_resets/caTEfh8z8oofP7xu_Exv/edit'>clique aqui.</a>"
  
Redirected to http://localhost:3000/login
Completed in 19527ms (DB: 2) | 302 Found [http://localhost/password_resets]


Processing UserSessionsController#new (for 127.0.0.1 at 2009-07-27 16:03:46) [GET]
  Parameters: {"action"=>"new", "controller"=>"user_sessions"}
Rendering template within layouts/application
Rendering user_sessions/new
Completed in 37ms (View: 7, DB: 0) | 200 OK [http://localhost/login]


Processing PasswordResetsController#new (for 127.0.0.1 at 2009-07-27 16:05:49) [GET]
  Parameters: {"action"=>"new", "controller"=>"password_resets"}
Rendering template within layouts/application
Rendering password_resets/new
Completed in 14ms (View: 2, DB: 0) | 200 OK [http://localhost/password_resets/new]


Processing PasswordResetsController#create (for 127.0.0.1 at 2009-07-27 16:05:52) [POST]
  Parameters: {"commit"=>"Enviar", "action"=>"create", "controller"=>"password_resets", "email"=>"diegoalvareznogueira@gmail.com"}
  [4;36;1mUser Load (1.9ms)[0m   [0;1mSELECT * FROM "users" WHERE ("users"."email" = 'diegoalvareznogueira@gmail.com') LIMIT 1[0m
  [4;35;1mUser Update (1.2ms)[0m   [0mUPDATE "users" SET "updated_at" = '2009-07-27 19:05:52', "perishable_token" = 'u8jltuVCAWL5wRn3k2kl' WHERE "id" = 12[0m
Sent mail to diegoalvareznogueira@gmail.com

From: elisa.pingret@d3i.com.br
Reply-To: elisa.pingret@d3i.com.br
To: diegoalvareznogueira@gmail.com
Subject: =?utf-8?Q?Instru=C3=A7=C3=B5es_para_trocar_a_senha?=
Mime-Version: 1.0
Content-Type: text/html; charset=utf-8

		<b>Instruções para trocar a senha a senha<br></b>
		<b>Login: </b>diego<br>
		<b>E-mail: </b>diegoalvareznogueira@gmail.com<br>
		<b>Para trocar a senha <b>Link: </b><a href='http://localhost:3000/password_resets/u8jltuVCAWL5wRn3k2kl/edit'>clique aqui.</a>
  
Redirected to http://localhost:3000/login
Completed in 19915ms (DB: 3) | 302 Found [http://localhost/password_resets]


Processing UserSessionsController#new (for 127.0.0.1 at 2009-07-27 16:06:12) [GET]
  Parameters: {"action"=>"new", "controller"=>"user_sessions"}
Rendering template within layouts/application
Rendering user_sessions/new
Completed in 51ms (View: 19, DB: 0) | 200 OK [http://localhost/login]


Processing PasswordResetsController#edit (for 127.0.0.1 at 2009-07-27 16:10:11) [GET]
  Parameters: {"action"=>"edit", "id"=>"u8jltuVCAWL5wRn3k2kl", "controller"=>"password_resets"}
  [4;36;1mUser Load (1.4ms)[0m   [0;1mSELECT * FROM "users" WHERE (perishable_token = 'u8jltuVCAWL5wRn3k2kl' and updated_at > '2009-07-27 19:00:11') LIMIT 1[0m
Rendering template within layouts/application
Rendering password_resets/edit
Completed in 121ms (View: 34, DB: 1) | 200 OK [http://localhost/password_resets/u8jltuVCAWL5wRn3k2kl/edit]


Processing PasswordResetsController#update (for 127.0.0.1 at 2009-07-27 16:10:22) [PUT]
  Parameters: {"commit"=>"Alterar senha", "action"=>"update", "_method"=>"put", "id"=>"u8jltuVCAWL5wRn3k2kl", "controller"=>"password_resets", "user"=>{"password_confirmation"=>"[FILTERED]", "password"=>"[FILTERED]"}}
  [4;35;1mUser Load (1.0ms)[0m   [0mSELECT * FROM "users" WHERE (perishable_token = 'u8jltuVCAWL5wRn3k2kl' and updated_at > '2009-07-27 19:00:22') LIMIT 1[0m
  [4;36;1mUser Load (0.3ms)[0m   [0;1mSELECT "users".id FROM "users" WHERE ("users"."persistence_token" = 'df61630d7098ea5880bb0875dfb3aa50b02d5add548b13cf4315fa8e1cb69d155e99d05b25f781ccad0486e31d6d96708c2d6b05ee8cc232c792ac50f1a279f3' AND "users".id <> 12) LIMIT 1[0m
  [4;35;1mUser Update (0.6ms)[0m   [0mUPDATE "users" SET "persistence_token" = 'df61630d7098ea5880bb0875dfb3aa50b02d5add548b13cf4315fa8e1cb69d155e99d05b25f781ccad0486e31d6d96708c2d6b05ee8cc232c792ac50f1a279f3', "updated_at" = '2009-07-27 19:10:22', "perishable_token" = '7-Z-H_Ynl_zsZZNM0ABl', "password_salt" = 'B9ZJFlQMfgd7t4mhtvk-', "crypted_password" = '276fb19ba72a4bccc53c398c23539530df1307732618d54fde6c660b4f9354622a304953e85623fb4a6a7e73db2cf4af782fe0e3848721d5bd10db768cd3362f' WHERE "id" = 12[0m
Redirected to http://localhost:3000/users/12/edit
Completed in 79ms (DB: 2) | 302 Found [http://localhost/password_resets/u8jltuVCAWL5wRn3k2kl]


Processing UsersController#edit (for 127.0.0.1 at 2009-07-27 16:10:23) [GET]
  Parameters: {"action"=>"edit", "id"=>"12", "controller"=>"users"}
  [4;36;1mUser Load (0.6ms)[0m   [0;1mSELECT * FROM "users" WHERE ("users"."id" = '12') LIMIT 1[0m
  [4;35;1mUser Load (0.6ms)[0m   [0mSELECT * FROM "users" WHERE ("users"."id" = 12) [0m
Rendering template within layouts/application
Rendering users/edit
Rendered users/_form (3.3ms)
Completed in 48ms (View: 5, DB: 1) | 200 OK [http://localhost/users/12/edit]


Processing UserSessionsController#new (for 127.0.0.1 at 2009-07-27 16:10:32) [GET]
  Parameters: {"action"=>"new", "controller"=>"user_sessions"}
Rendering template within layouts/application
Rendering user_sessions/new
Completed in 536ms (View: 37, DB: 0) | 200 OK [http://localhost/login]


Processing UserSessionsController#destroy (for 127.0.0.1 at 2009-07-27 16:10:37) [GET]
  Parameters: {"action"=>"destroy", "controller"=>"user_sessions"}
  [4;36;1mUser Load (1.9ms)[0m   [0;1mSELECT * FROM "users" WHERE ("users"."id" = '12') LIMIT 1[0m
Redirected to http://localhost:3000/login
Completed in 176ms (DB: 2) | 302 Found [http://localhost/logout]


Processing UserSessionsController#new (for 127.0.0.1 at 2009-07-27 16:10:37) [GET]
  Parameters: {"action"=>"new", "controller"=>"user_sessions"}
Rendering template within layouts/application
Rendering user_sessions/new
Completed in 125ms (View: 20, DB: 0) | 200 OK [http://localhost/login]


Processing UserSessionsController#create (for 127.0.0.1 at 2009-07-27 16:10:49) [POST]
  Parameters: {"commit"=>"Entrar", "user_session"=>{"password"=>"[FILTERED]", "login"=>"diego"}, "action"=>"create", "controller"=>"user_sessions"}
  [4;35;1mUser Load (21.6ms)[0m   [0mSELECT * FROM "users" WHERE (LOWER("users".login) = 'diego') LIMIT 1[0m
Rendering template within layouts/application
Rendering user_sessions/new
Completed in 169ms (View: 21, DB: 22) | 200 OK [http://localhost/user_sessions]


Processing UserSessionsController#create (for 127.0.0.1 at 2009-07-27 16:10:54) [POST]
  Parameters: {"commit"=>"Entrar", "user_session"=>{"password"=>"[FILTERED]", "login"=>"diego"}, "action"=>"create", "controller"=>"user_sessions"}
  [4;36;1mUser Load (1.3ms)[0m   [0;1mSELECT * FROM "users" WHERE (LOWER("users".login) = 'diego') LIMIT 1[0m
  [4;35;1mUser Update (1.1ms)[0m   [0mUPDATE "users" SET "updated_at" = '2009-07-27 19:10:54', "perishable_token" = 'yFW1NMFotnIuoNU_j-fm' WHERE "id" = 12[0m
  [4;36;1mUser Load (1.3ms)[0m   [0;1mSELECT * FROM "users" WHERE ("users"."id" = 12) LIMIT 1[0m
Redirected to http://localhost:3000/login
Completed in 197ms (DB: 4) | 302 Found [http://localhost/user_sessions]


Processing UserSessionsController#new (for 127.0.0.1 at 2009-07-27 16:10:54) [GET]
  Parameters: {"action"=>"new", "controller"=>"user_sessions"}
Rendering template within layouts/application
Rendering user_sessions/new
Completed in 143ms (View: 29, DB: 0) | 200 OK [http://localhost/login]


Processing UsersController#edit (for 127.0.0.1 at 2009-07-27 16:11:08) [GET]
  Parameters: {"action"=>"edit", "id"=>"11", "controller"=>"users"}
  [4;35;1mUser Load (1.3ms)[0m   [0mSELECT * FROM "users" WHERE ("users"."id" = '12') LIMIT 1[0m
  [4;36;1mUser Load (0.5ms)[0m   [0;1mSELECT * FROM "users" WHERE ("users"."id" = 11) [0m

ActiveRecord::RecordNotFound (Couldn't find User with ID=11):
  app/controllers/users_controller.rb:29:in `edit'

Rendered rescues/_trace (261.0ms)
Rendered rescues/_request_and_response (0.9ms)
Rendering rescues/layout (not_found)


Processing UsersController#edit (for 127.0.0.1 at 2009-07-27 16:11:12) [GET]
  Parameters: {"action"=>"edit", "id"=>"12", "controller"=>"users"}
  [4;35;1mUser Load (1.4ms)[0m   [0mSELECT * FROM "users" WHERE ("users"."id" = '12') LIMIT 1[0m
  [4;36;1mUser Load (1.4ms)[0m   [0;1mSELECT * FROM "users" WHERE ("users"."id" = 12) [0m
Rendering template within layouts/application
Rendering users/edit
Rendered users/_form (5.3ms)
Completed in 188ms (View: 10, DB: 3) | 200 OK [http://localhost/users/12/edit]


Processing UserSessionsController#destroy (for 127.0.0.1 at 2009-07-27 16:11:26) [GET]
  Parameters: {"action"=>"destroy", "controller"=>"user_sessions"}
  [4;35;1mUser Load (1.3ms)[0m   [0mSELECT * FROM "users" WHERE ("users"."id" = '12') LIMIT 1[0m
Redirected to http://localhost:3000/login
Completed in 158ms (DB: 1) | 302 Found [http://localhost/logout]


Processing UserSessionsController#new (for 127.0.0.1 at 2009-07-27 16:11:26) [GET]
  Parameters: {"action"=>"new", "controller"=>"user_sessions"}
Rendering template within layouts/application
Rendering user_sessions/new
Completed in 116ms (View: 16, DB: 0) | 200 OK [http://localhost/login]


Processing UserSessionsController#new (for 127.0.0.1 at 2009-07-27 16:14:54) [GET]
  Parameters: {"action"=>"new", "controller"=>"user_sessions"}
Rendering template within layouts/application
Rendering user_sessions/new
Completed in 151ms (View: 45, DB: 0) | 200 OK [http://localhost/login]


Processing UserSessionsController#destroy (for 127.0.0.1 at 2009-07-27 16:14:58) [GET]
  Parameters: {"action"=>"destroy", "controller"=>"user_sessions"}

NoMethodError (You have a nil object when you didn't expect it!
You might have expected an instance of ActiveRecord::Base.
The error occurred while evaluating nil.destroy):
  app/controllers/user_sessions_controller.rb:22:in `destroy'

Rendered rescues/_trace (60.0ms)
Rendered rescues/_request_and_response (5.8ms)
Rendering rescues/layout (internal_server_error)


Processing UserSessionsController#destroy (for 127.0.0.1 at 2009-07-27 16:14:58) [GET]
  Parameters: {"action"=>"destroy", "controller"=>"user_sessions"}

NoMethodError (You have a nil object when you didn't expect it!
You might have expected an instance of ActiveRecord::Base.
The error occurred while evaluating nil.destroy):
  app/controllers/user_sessions_controller.rb:22:in `destroy'

Rendered rescues/_trace (77.0ms)
Rendered rescues/_request_and_response (0.4ms)
Rendering rescues/layout (internal_server_error)


Processing ApplicationController#index (for 127.0.0.1 at 2009-07-27 16:15:17) [GET]

ActionController::RoutingError (No route matches "/l" with {:method=>:get}):
  

Rendering rescues/layout (not_found)
/!\ FAILSAFE /!\  Mon Jul 27 16:15:42 -0300 2009
  Status: 500 Internal Server Error
  undefined method `except' for "login":String
    /home/diego/.gem/ruby/1.8/gems/actionpack-2.3.3/lib/action_controller/routing/builder.rb:58:in `divide_route_options'
    /home/diego/.gem/ruby/1.8/gems/actionpack-2.3.3/lib/action_controller/routing/builder.rb:166:in `build'
    /home/diego/.gem/ruby/1.8/gems/actionpack-2.3.3/lib/action_controller/routing/route_set.rb:309:in `add_route'
    /home/diego/.gem/ruby/1.8/gems/actionpack-2.3.3/lib/action_controller/routing/route_set.rb:317:in `add_named_route'
    /home/diego/.gem/ruby/1.8/gems/actionpack-2.3.3/lib/action_controller/routing/route_set.rb:33:in `named_route'
    /home/diego/.gem/ruby/1.8/gems/actionpack-2.3.3/lib/action_controller/routing/route_set.rb:29:in `root'
    /home/diego/rails/usando_authlogic/config/routes.rb:8
    /home/diego/.gem/ruby/1.8/gems/actionpack-2.3.3/lib/action_controller/routing/route_set.rb:226:in `draw'
    /home/diego/rails/usando_authlogic/config/routes.rb:1
    /home/diego/.gem/ruby/1.8/gems/activesupport-2.3.3/lib/active_support/dependencies.rb:145:in `load_without_new_constant_marking'
    /home/diego/.gem/ruby/1.8/gems/activesupport-2.3.3/lib/active_support/dependencies.rb:145:in `load'
    /home/diego/.gem/ruby/1.8/gems/activesupport-2.3.3/lib/active_support/dependencies.rb:521:in `new_constants_in'
    /home/diego/.gem/ruby/1.8/gems/activesupport-2.3.3/lib/active_support/dependencies.rb:145:in `load'
    /home/diego/.gem/ruby/1.8/gems/actionpack-2.3.3/lib/action_controller/routing/route_set.rb:286:in `load_routes!'
    /home/diego/.gem/ruby/1.8/gems/actionpack-2.3.3/lib/action_controller/routing/route_set.rb:286:in `each'
    /home/diego/.gem/ruby/1.8/gems/actionpack-2.3.3/lib/action_controller/routing/route_set.rb:286:in `load_routes!'
    /home/diego/.gem/ruby/1.8/gems/actionpack-2.3.3/lib/action_controller/routing/route_set.rb:266:in `load!'
    /home/diego/.gem/ruby/1.8/gems/actionpack-2.3.3/lib/action_controller/routing/route_set.rb:281:in `reload'
    /home/diego/.gem/ruby/1.8/gems/actionpack-2.3.3/lib/action_controller/dispatcher.rb:59:in `reload_application'
    /home/diego/.gem/ruby/1.8/gems/actionpack-2.3.3/lib/action_controller/reloader.rb:28:in `call'
    /home/diego/.gem/ruby/1.8/gems/actionpack-2.3.3/lib/action_controller/failsafe.rb:26:in `call'
    /usr/lib/ruby/gems/1.8/gems/rack-1.0.0/lib/rack/lock.rb:11:in `call'
    /usr/lib/ruby/gems/1.8/gems/rack-1.0.0/lib/rack/lock.rb:11:in `synchronize'
    /usr/lib/ruby/gems/1.8/gems/rack-1.0.0/lib/rack/lock.rb:11:in `call'
    /home/diego/.gem/ruby/1.8/gems/actionpack-2.3.3/lib/action_controller/dispatcher.rb:106:in `call'
    /home/diego/.gem/ruby/1.8/gems/rails-2.3.3/lib/rails/rack/static.rb:31:in `call'
    /usr/lib/ruby/gems/1.8/gems/rack-1.0.0/lib/rack/urlmap.rb:46:in `call'
    /usr/lib/ruby/gems/1.8/gems/rack-1.0.0/lib/rack/urlmap.rb:40:in `each'
    /usr/lib/ruby/gems/1.8/gems/rack-1.0.0/lib/rack/urlmap.rb:40:in `call'
    /home/diego/.gem/ruby/1.8/gems/rails-2.3.3/lib/rails/rack/log_tailer.rb:17:in `call'
    /usr/lib/ruby/gems/1.8/gems/rack-1.0.0/lib/rack/content_length.rb:13:in `call'
    /usr/lib/ruby/gems/1.8/gems/rack-1.0.0/lib/rack/chunked.rb:15:in `call'
    /usr/lib/ruby/gems/1.8/gems/rack-1.0.0/lib/rack/handler/mongrel.rb:61:in `process'
    /usr/lib/ruby/gems/1.8/gems/mongrel-1.1.5/lib/mongrel.rb:159:in `process_client'
    /usr/lib/ruby/gems/1.8/gems/mongrel-1.1.5/lib/mongrel.rb:158:in `each'
    /usr/lib/ruby/gems/1.8/gems/mongrel-1.1.5/lib/mongrel.rb:158:in `process_client'
    /usr/lib/ruby/gems/1.8/gems/mongrel-1.1.5/lib/mongrel.rb:285:in `run'
    /usr/lib/ruby/gems/1.8/gems/mongrel-1.1.5/lib/mongrel.rb:285:in `initialize'
    /usr/lib/ruby/gems/1.8/gems/mongrel-1.1.5/lib/mongrel.rb:285:in `new'
    /usr/lib/ruby/gems/1.8/gems/mongrel-1.1.5/lib/mongrel.rb:285:in `run'
    /usr/lib/ruby/gems/1.8/gems/mongrel-1.1.5/lib/mongrel.rb:268:in `initialize'
    /usr/lib/ruby/gems/1.8/gems/mongrel-1.1.5/lib/mongrel.rb:268:in `new'
    /usr/lib/ruby/gems/1.8/gems/mongrel-1.1.5/lib/mongrel.rb:268:in `run'
    /usr/lib/ruby/gems/1.8/gems/rack-1.0.0/lib/rack/handler/mongrel.rb:34:in `run'
    /home/diego/.gem/ruby/1.8/gems/rails-2.3.3/lib/commands/server.rb:111
    /usr/local/lib/site_ruby/1.8/rubygems/custom_require.rb:31:in `gem_original_require'
    /usr/local/lib/site_ruby/1.8/rubygems/custom_require.rb:31:in `require'
    script/server:3


Processing UserSessionsController#new (for 127.0.0.1 at 2009-07-27 16:16:39) [GET]
  Parameters: {"action"=>"new", "controller"=>"user_sessions"}
Rendering template within layouts/application
Rendering user_sessions/new
Completed in 66ms (View: 27, DB: 0) | 200 OK [http://localhost/user_sessions/new]


Processing UserSessionsController#new (for 127.0.0.1 at 2009-07-27 16:17:06) [GET]
  Parameters: {"action"=>"new", "controller"=>"user_sessions"}
Rendering template within layouts/application
Rendering user_sessions/new
Completed in 91ms (View: 10, DB: 0) | 200 OK [http://localhost/]


Processing UserSessionsController#new (for 127.0.0.1 at 2009-07-27 16:20:35) [GET]
  Parameters: {"action"=>"new", "controller"=>"user_sessions"}
Rendering template within layouts/application
Rendering user_sessions/new
Completed in 147ms (View: 29, DB: 0) | 200 OK [http://localhost/login]


Processing UserSessionsController#new (for 127.0.0.1 at 2009-07-27 16:59:22) [GET]
  Parameters: {"action"=>"new", "controller"=>"user_sessions"}
Rendering template within layouts/application
Rendering user_sessions/new
Completed in 191ms (View: 66, DB: 0) | 200 OK [http://localhost/login]


Processing UserSessionsController#create (for 127.0.0.1 at 2009-07-27 16:59:24) [POST]
  Parameters: {"commit"=>"Entrar", "user_session"=>{"password"=>"[FILTERED]", "login"=>""}, "action"=>"create", "controller"=>"user_sessions"}
Rendering template within layouts/application
Rendering user_sessions/new
Completed in 116ms (View: 19, DB: 0) | 200 OK [http://localhost/user_sessions]


Processing UserSessionsController#create (for 127.0.0.1 at 2009-07-27 16:59:26) [POST]
  Parameters: {"commit"=>"Entrar", "user_session"=>{"password"=>"[FILTERED]", "login"=>""}, "action"=>"create", "controller"=>"user_sessions"}
Rendering template within layouts/application
Rendering user_sessions/new
Completed in 150ms (View: 20, DB: 0) | 200 OK [http://localhost/user_sessions]


Processing UserSessionsController#create (for 127.0.0.1 at 2009-07-27 16:59:31) [POST]
  Parameters: {"commit"=>"Entrar", "user_session"=>{"password"=>"[FILTERED]", "login"=>"diego"}, "action"=>"create", "controller"=>"user_sessions"}
  [4;36;1mUser Load (26.1ms)[0m   [0;1mSELECT * FROM "users" WHERE (LOWER("users".login) = 'diego') LIMIT 1[0m
Rendering template within layouts/application
Rendering user_sessions/new
Completed in 1062ms (View: 4, DB: 26) | 200 OK [http://localhost/user_sessions]


Processing UsersController#new (for 127.0.0.1 at 2009-07-27 16:59:42) [GET]
  Parameters: {"action"=>"new", "controller"=>"users"}
Rendering template within layouts/application
Rendering users/new
Rendered users/_form (42.5ms)
Completed in 238ms (View: 77, DB: 0) | 200 OK [http://localhost/users/new]


Processing UsersController#create (for 127.0.0.1 at 2009-07-27 16:59:44) [POST]
  Parameters: {"commit"=>"Registrar", "action"=>"create", "controller"=>"users", "user"=>{"password_confirmation"=>"[FILTERED]", "password"=>"[FILTERED]", "login"=>"", "email"=>""}}
  [4;35;1mUser Load (0.5ms)[0m   [0mSELECT "users".id FROM "users" WHERE (LOWER("users"."email") = '') LIMIT 1[0m
  [4;36;1mUser Load (0.4ms)[0m   [0;1mSELECT "users".id FROM "users" WHERE (LOWER("users"."login") = '') LIMIT 1[0m
  [4;35;1mUser Load (0.8ms)[0m   [0mSELECT "users".id FROM "users" WHERE ("users"."persistence_token" = 'fae57ae6288896751e8a3116b85c9a4f6b121f7f0bbb9f5da85b171f228eb641ee6202d06a3ec4973b33d4e722f45d82b98f51251cb2312c57076db3976ae4fb') LIMIT 1[0m
Rendering template within layouts/application
Rendering users/new
Rendered users/_form (21.5ms)
Completed in 269ms (View: 26, DB: 2) | 200 OK [http://localhost/users]
